<?xml version="1.0" encoding="UTF-8"?>
<coverage generated="1767945652237" clover="3.2.0">
  <project timestamp="1767945652237" name="All files">
    <metrics statements="377" coveredstatements="276" conditionals="477" coveredconditionals="260" methods="92" coveredmethods="68" elements="946" coveredelements="604" complexity="0" loc="377" ncloc="377" packages="2" files="5" classes="5"/>
    <package name="hooks">
      <metrics statements="18" coveredstatements="18" conditionals="18" coveredconditionals="16" methods="5" coveredmethods="5"/>
      <file name="useCurrentFarmer.ts" path="/Users/arshidintokhtamov/Desktop/TURAN Standart Pool copy/turankz/src/hooks/useCurrentFarmer.ts">
        <metrics statements="18" coveredstatements="18" conditionals="18" coveredconditionals="16" methods="5" coveredmethods="5"/>
        <line num="7" count="25" type="stmt"/>
        <line num="9" count="25" type="stmt"/>
        <line num="12" count="12" type="cond" truecount="1" falsecount="1"/>
        <line num="14" count="12" type="stmt"/>
        <line num="20" count="12" type="cond" truecount="2" falsecount="0"/>
        <line num="21" count="11" type="stmt"/>
        <line num="28" count="7" type="stmt"/>
        <line num="29" count="7" type="cond" truecount="2" falsecount="0"/>
        <line num="33" count="5" type="stmt"/>
        <line num="34" count="5" type="stmt"/>
        <line num="37" count="5" type="cond" truecount="2" falsecount="0"/>
        <line num="39" count="4" type="stmt"/>
        <line num="46" count="7" type="stmt"/>
        <line num="47" count="7" type="stmt"/>
        <line num="50" count="7" type="cond" truecount="2" falsecount="0"/>
        <line num="53" count="6" type="cond" truecount="2" falsecount="0"/>
        <line num="56" count="2" type="cond" truecount="1" falsecount="1"/>
        <line num="59" count="2" type="cond" truecount="2" falsecount="0"/>
      </file>
    </package>
    <package name="lib">
      <metrics statements="359" coveredstatements="258" conditionals="459" coveredconditionals="244" methods="87" coveredmethods="63"/>
      <file name="access-control.ts" path="/Users/arshidintokhtamov/Desktop/TURAN Standart Pool copy/turankz/src/lib/access-control.ts">
        <metrics statements="25" coveredstatements="25" conditionals="17" coveredconditionals="17" methods="8" coveredmethods="8"/>
        <line num="62" count="1" type="stmt"/>
        <line num="105" count="1" type="stmt"/>
        <line num="148" count="1" type="stmt"/>
        <line num="188" count="1" type="stmt"/>
        <line num="195" count="3" type="stmt"/>
        <line num="199" count="47" type="stmt"/>
        <line num="203" count="43" type="stmt"/>
        <line num="240" count="5" type="stmt"/>
        <line num="258" count="4" type="stmt"/>
        <line num="260" count="4" type="stmt"/>
        <line num="261" count="11" type="cond" truecount="2" falsecount="0"/>
        <line num="262" count="5" type="stmt"/>
        <line num="264" count="11" type="stmt"/>
        <line num="265" count="11" type="stmt"/>
        <line num="268" count="4" type="stmt"/>
        <line num="312" count="15" type="cond" truecount="2" falsecount="0"/>
        <line num="313" count="4" type="stmt"/>
        <line num="317" count="11" type="cond" truecount="5" falsecount="0"/>
        <line num="318" count="1" type="stmt"/>
        <line num="321" count="10" type="stmt"/>
        <line num="334" count="16" type="cond" truecount="6" falsecount="0"/>
        <line num="335" count="3" type="stmt"/>
        <line num="338" count="13" type="cond" truecount="2" falsecount="0"/>
        <line num="339" count="2" type="stmt"/>
        <line num="342" count="11" type="stmt"/>
      </file>
      <file name="batch-lifecycle.ts" path="/Users/arshidintokhtamov/Desktop/TURAN Standart Pool copy/turankz/src/lib/batch-lifecycle.ts">
        <metrics statements="116" coveredstatements="87" conditionals="128" coveredconditionals="89" methods="33" coveredmethods="26"/>
        <line num="9" count="1" type="stmt"/>
        <line num="25" count="1" type="stmt"/>
        <line num="35" count="6" type="stmt"/>
        <line num="36" count="6" type="stmt"/>
        <line num="49" count="2" type="cond" truecount="2" falsecount="0"/>
        <line num="61" count="1" type="stmt"/>
        <line num="71" count="1" type="stmt"/>
        <line num="81" count="1" type="stmt"/>
        <line num="90" count="1" type="stmt"/>
        <line num="109" count="1" type="stmt"/>
        <line num="133" count="75" type="stmt"/>
        <line num="143" count="20" type="cond" truecount="1" falsecount="1"/>
        <line num="144" count="20" type="stmt"/>
        <line num="156" count="68" type="cond" truecount="2" falsecount="0"/>
        <line num="158" count="32" type="cond" truecount="1" falsecount="1"/>
        <line num="159" count="68" type="stmt"/>
        <line num="160" count="68" type="cond" truecount="2" falsecount="0"/>
        <line num="171" count="6" type="stmt"/>
        <line num="172" count="6" type="cond" truecount="2" falsecount="0"/>
        <line num="183" count="21" type="cond" truecount="2" falsecount="0"/>
        <line num="185" count="15" type="cond" truecount="1" falsecount="1"/>
        <line num="186" count="21" type="stmt"/>
        <line num="187" count="18" type="stmt"/>
        <line num="188" count="13" type="stmt"/>
        <line num="198" count="0" type="stmt"/>
        <line num="202" count="1" type="stmt"/>
        <line num="229" count="17" type="cond" truecount="6" falsecount="1"/>
        <line num="232" count="6" type="stmt"/>
        <line num="237" count="3" type="stmt"/>
        <line num="245" count="8" type="stmt"/>
        <line num="251" count="0" type="stmt"/>
        <line num="263" count="7" type="stmt"/>
        <line num="264" count="7" type="cond" truecount="2" falsecount="0"/>
        <line num="271" count="4" type="stmt"/>
        <line num="278" count="0" type="stmt"/>
        <line num="279" count="0" type="cond" truecount="0" falsecount="2"/>
        <line num="287" count="6" type="cond" truecount="3" falsecount="0"/>
        <line num="294" count="6" type="cond" truecount="3" falsecount="0"/>
        <line num="301" count="6" type="stmt"/>
        <line num="302" count="6" type="stmt"/>
        <line num="310" count="6" type="cond" truecount="2" falsecount="0"/>
        <line num="317" count="6" type="cond" truecount="2" falsecount="0"/>
        <line num="324" count="5" type="cond" truecount="5" falsecount="1"/>
        <line num="326" count="1" type="stmt"/>
        <line num="328" count="1" type="stmt"/>
        <line num="330" count="1" type="stmt"/>
        <line num="332" count="1" type="stmt"/>
        <line num="334" count="1" type="stmt"/>
        <line num="336" count="0" type="stmt"/>
        <line num="341" count="0" type="cond" truecount="0" falsecount="6"/>
        <line num="343" count="0" type="stmt"/>
        <line num="345" count="0" type="stmt"/>
        <line num="347" count="0" type="stmt"/>
        <line num="349" count="0" type="stmt"/>
        <line num="351" count="0" type="stmt"/>
        <line num="353" count="0" type="stmt"/>
        <line num="377" count="12" type="cond" truecount="4" falsecount="0"/>
        <line num="378" count="3" type="cond" truecount="2" falsecount="0"/>
        <line num="392" count="9" type="cond" truecount="4" falsecount="0"/>
        <line num="393" count="2" type="cond" truecount="1" falsecount="1"/>
        <line num="407" count="7" type="cond" truecount="4" falsecount="0"/>
        <line num="408" count="1" type="cond" truecount="1" falsecount="1"/>
        <line num="422" count="6" type="cond" truecount="4" falsecount="0"/>
        <line num="423" count="2" type="cond" truecount="1" falsecount="1"/>
        <line num="437" count="4" type="cond" truecount="4" falsecount="0"/>
        <line num="438" count="2" type="cond" truecount="1" falsecount="1"/>
        <line num="452" count="2" type="stmt"/>
        <line num="467" count="6" type="stmt"/>
        <line num="477" count="0" type="cond" truecount="0" falsecount="2"/>
        <line num="490" count="21" type="cond" truecount="2" falsecount="0"/>
        <line num="491" count="7" type="stmt"/>
        <line num="494" count="14" type="stmt"/>
        <line num="495" count="14" type="stmt"/>
        <line num="498" count="14" type="cond" truecount="2" falsecount="0"/>
        <line num="499" count="6" type="stmt"/>
        <line num="503" count="8" type="cond" truecount="1" falsecount="1"/>
        <line num="504" count="21" type="stmt"/>
        <line num="506" count="21" type="cond" truecount="4" falsecount="0"/>
        <line num="507" count="4" type="stmt"/>
        <line num="511" count="4" type="cond" truecount="1" falsecount="1"/>
        <line num="512" count="4" type="stmt"/>
        <line num="515" count="0" type="stmt"/>
        <line num="523" count="0" type="cond" truecount="0" falsecount="2"/>
        <line num="524" count="0" type="stmt"/>
        <line num="527" count="0" type="stmt"/>
        <line num="528" count="0" type="stmt"/>
        <line num="530" count="0" type="cond" truecount="0" falsecount="2"/>
        <line num="531" count="0" type="stmt"/>
        <line num="534" count="0" type="cond" truecount="0" falsecount="2"/>
        <line num="535" count="0" type="stmt"/>
        <line num="537" count="0" type="cond" truecount="0" falsecount="4"/>
        <line num="538" count="0" type="stmt"/>
        <line num="541" count="0" type="cond" truecount="0" falsecount="2"/>
        <line num="542" count="0" type="stmt"/>
        <line num="545" count="0" type="stmt"/>
        <line num="556" count="25" type="cond" truecount="2" falsecount="0"/>
        <line num="557" count="1" type="stmt"/>
        <line num="560" count="24" type="cond" truecount="2" falsecount="0"/>
        <line num="561" count="18" type="stmt"/>
        <line num="567" count="6" type="stmt"/>
        <line num="579" count="0" type="stmt"/>
        <line num="580" count="0" type="stmt"/>
        <line num="598" count="3" type="stmt"/>
        <line num="600" count="3" type="stmt"/>
        <line num="601" count="18" type="cond" truecount="2" falsecount="0"/>
        <line num="603" count="15" type="stmt"/>
        <line num="604" count="15" type="cond" truecount="2" falsecount="0"/>
        <line num="605" count="14" type="stmt"/>
        <line num="608" count="14" type="stmt"/>
        <line num="609" count="14" type="stmt"/>
        <line num="611" count="14" type="cond" truecount="2" falsecount="0"/>
        <line num="612" count="4" type="stmt"/>
        <line num="613" count="10" type="cond" truecount="2" falsecount="0"/>
        <line num="614" count="2" type="stmt"/>
        <line num="617" count="14" type="stmt"/>
        <line num="625" count="3" type="stmt"/>
      </file>
      <file name="matching-window.ts" path="/Users/arshidintokhtamov/Desktop/TURAN Standart Pool copy/turankz/src/lib/matching-window.ts">
        <metrics statements="102" coveredstatements="39" conditionals="155" coveredconditionals="16" methods="20" coveredmethods="3"/>
        <line num="11" count="1" type="stmt"/>
        <line num="39" count="1" type="stmt"/>
        <line num="46" count="1" type="stmt"/>
        <line num="54" count="1" type="stmt"/>
        <line num="61" count="1" type="stmt"/>
        <line num="73" count="1" type="stmt"/>
        <line num="102" count="1" type="stmt"/>
        <line num="115" count="0" type="stmt"/>
        <line num="116" count="0" type="cond" truecount="0" falsecount="2"/>
        <line num="126" count="0" type="stmt"/>
        <line num="127" count="0" type="stmt"/>
        <line num="128" count="0" type="stmt"/>
        <line num="135" count="0" type="stmt"/>
        <line num="145" count="0" type="cond" truecount="0" falsecount="2"/>
        <line num="157" count="0" type="cond" truecount="0" falsecount="2"/>
        <line num="171" count="3" type="stmt"/>
        <line num="172" count="3" type="stmt"/>
        <line num="173" count="3" type="stmt"/>
        <line num="174" count="3" type="stmt"/>
        <line num="177" count="3" type="stmt"/>
        <line num="178" count="3" type="stmt"/>
        <line num="179" count="3" type="stmt"/>
        <line num="181" count="3" type="cond" truecount="2" falsecount="0"/>
        <line num="182" count="1" type="stmt"/>
        <line num="185" count="2" type="cond" truecount="2" falsecount="0"/>
        <line num="186" count="1" type="stmt"/>
        <line num="189" count="1" type="cond" truecount="1" falsecount="1"/>
        <line num="190" count="0" type="stmt"/>
        <line num="193" count="1" type="stmt"/>
        <line num="200" count="3" type="stmt"/>
        <line num="211" count="0" type="stmt"/>
        <line num="218" count="0" type="cond" truecount="0" falsecount="2"/>
        <line num="228" count="0" type="stmt"/>
        <line num="233" count="0" type="cond" truecount="0" falsecount="4"/>
        <line num="243" count="0" type="cond" truecount="0" falsecount="5"/>
        <line num="245" count="0" type="cond" truecount="0" falsecount="2"/>
        <line num="249" count="0" type="cond" truecount="0" falsecount="2"/>
        <line num="253" count="0" type="cond" truecount="0" falsecount="2"/>
        <line num="257" count="0" type="cond" truecount="0" falsecount="2"/>
        <line num="261" count="0" type="stmt"/>
        <line num="287" count="5" type="stmt"/>
        <line num="288" count="5" type="stmt"/>
        <line num="291" count="5" type="stmt"/>
        <line num="293" count="5" type="stmt"/>
        <line num="294" count="5" type="stmt"/>
        <line num="296" count="5" type="cond" truecount="2" falsecount="0"/>
        <line num="297" count="3" type="stmt"/>
        <line num="308" count="2" type="stmt"/>
        <line num="309" count="2" type="stmt"/>
        <line num="310" count="2" type="stmt"/>
        <line num="311" count="2" type="stmt"/>
        <line num="312" count="2" type="stmt"/>
        <line num="316" count="2" type="cond" truecount="1" falsecount="1"/>
        <line num="317" count="2" type="cond" truecount="1" falsecount="1"/>
        <line num="320" count="0" type="cond" truecount="0" falsecount="2"/>
        <line num="321" count="0" type="cond" truecount="0" falsecount="2"/>
        <line num="325" count="0" type="cond" truecount="0" falsecount="2"/>
        <line num="332" count="2" type="cond" truecount="1" falsecount="1"/>
        <line num="333" count="0" type="cond" truecount="0" falsecount="2"/>
        <line num="334" count="0" type="stmt"/>
        <line num="335" count="0" type="cond" truecount="0" falsecount="2"/>
        <line num="336" count="0" type="stmt"/>
        <line num="338" count="0" type="stmt"/>
        <line num="341" count="2" type="cond" truecount="1" falsecount="1"/>
        <line num="342" count="2" type="cond" truecount="2" falsecount="2"/>
        <line num="343" count="0" type="cond" truecount="0" falsecount="2"/>
        <line num="344" count="0" type="cond" truecount="0" falsecount="4"/>
        <line num="346" count="0" type="cond" truecount="0" falsecount="2"/>
        <line num="350" count="2" type="stmt"/>
        <line num="363" count="0" type="cond" truecount="0" falsecount="4"/>
        <line num="364" count="0" type="stmt"/>
        <line num="365" count="0" type="stmt"/>
        <line num="366" count="0" type="cond" truecount="0" falsecount="4"/>
        <line num="367" count="0" type="cond" truecount="0" falsecount="6"/>
        <line num="368" count="0" type="stmt"/>
        <line num="372" count="0" type="cond" truecount="0" falsecount="4"/>
        <line num="373" count="0" type="stmt"/>
        <line num="374" count="0" type="stmt"/>
        <line num="375" count="0" type="cond" truecount="0" falsecount="4"/>
        <line num="376" count="0" type="cond" truecount="0" falsecount="6"/>
        <line num="377" count="0" type="stmt"/>
        <line num="381" count="0" type="cond" truecount="0" falsecount="4"/>
        <line num="382" count="0" type="stmt"/>
        <line num="383" count="0" type="stmt"/>
        <line num="384" count="0" type="cond" truecount="0" falsecount="4"/>
        <line num="385" count="0" type="cond" truecount="0" falsecount="6"/>
        <line num="386" count="0" type="stmt"/>
        <line num="397" count="0" type="cond" truecount="0" falsecount="2"/>
        <line num="398" count="0" type="cond" truecount="0" falsecount="2"/>
        <line num="399" count="0" type="cond" truecount="0" falsecount="2"/>
        <line num="403" count="0" type="cond" truecount="0" falsecount="4"/>
        <line num="404" count="0" type="cond" truecount="0" falsecount="2"/>
        <line num="408" count="0" type="cond" truecount="0" falsecount="2"/>
        <line num="413" count="0" type="cond" truecount="0" falsecount="4"/>
        <line num="414" count="0" type="cond" truecount="0" falsecount="2"/>
        <line num="419" count="0" type="cond" truecount="0" falsecount="2"/>
        <line num="420" count="0" type="cond" truecount="0" falsecount="2"/>
        <line num="425" count="0" type="stmt"/>
        <line num="434" count="0" type="cond" truecount="0" falsecount="2"/>
        <line num="435" count="0" type="cond" truecount="0" falsecount="4"/>
        <line num="436" count="0" type="cond" truecount="0" falsecount="4"/>
        <line num="437" count="0" type="stmt"/>
      </file>
      <file name="pool-request-lifecycle.ts" path="/Users/arshidintokhtamov/Desktop/TURAN Standart Pool copy/turankz/src/lib/pool-request-lifecycle.ts">
        <metrics statements="116" coveredstatements="107" conditionals="159" coveredconditionals="122" methods="26" coveredmethods="26"/>
        <line num="29" count="1" type="stmt"/>
        <line num="49" count="1" type="stmt"/>
        <line num="75" count="1" type="stmt"/>
        <line num="86" count="1" type="stmt"/>
        <line num="97" count="1" type="stmt"/>
        <line num="114" count="39" type="cond" truecount="1" falsecount="1"/>
        <line num="115" count="44" type="stmt"/>
        <line num="126" count="22" type="cond" truecount="1" falsecount="1"/>
        <line num="127" count="34" type="stmt"/>
        <line num="128" count="22" type="cond" truecount="1" falsecount="1"/>
        <line num="144" count="8" type="cond" truecount="2" falsecount="0"/>
        <line num="146" count="2" type="stmt"/>
        <line num="147" count="2" type="stmt"/>
        <line num="149" count="2" type="cond" truecount="2" falsecount="0"/>
        <line num="150" count="1" type="stmt"/>
        <line num="157" count="1" type="stmt"/>
        <line num="165" count="6" type="cond" truecount="2" falsecount="0"/>
        <line num="166" count="2" type="cond" truecount="2" falsecount="0"/>
        <line num="167" count="2" type="stmt"/>
        <line num="174" count="4" type="stmt"/>
        <line num="184" count="19" type="cond" truecount="1" falsecount="1"/>
        <line num="185" count="19" type="stmt"/>
        <line num="186" count="32" type="stmt"/>
        <line num="187" count="23" type="stmt"/>
        <line num="205" count="1" type="stmt"/>
        <line num="218" count="1" type="stmt"/>
        <line num="240" count="146" type="cond" truecount="4" falsecount="0"/>
        <line num="241" count="12" type="stmt"/>
        <line num="245" count="134" type="cond" truecount="2" falsecount="0"/>
        <line num="246" count="36" type="cond" truecount="2" falsecount="0"/>
        <line num="250" count="98" type="cond" truecount="2" falsecount="0"/>
        <line num="251" count="49" type="stmt"/>
        <line num="255" count="49" type="stmt"/>
        <line num="265" count="17" type="stmt"/>
        <line num="266" count="119" type="stmt"/>
        <line num="277" count="12" type="stmt"/>
        <line num="287" count="7" type="stmt"/>
        <line num="300" count="6" type="cond" truecount="2" falsecount="0"/>
        <line num="301" count="2" type="stmt"/>
        <line num="304" count="4" type="cond" truecount="4" falsecount="0"/>
        <line num="305" count="1" type="cond" truecount="1" falsecount="1"/>
        <line num="310" count="3" type="cond" truecount="5" falsecount="0"/>
        <line num="311" count="1" type="cond" truecount="1" falsecount="1"/>
        <line num="316" count="2" type="cond" truecount="3" falsecount="1"/>
        <line num="317" count="2" type="cond" truecount="2" falsecount="0"/>
        <line num="322" count="0" type="stmt"/>
        <line num="333" count="5" type="cond" truecount="4" falsecount="0"/>
        <line num="334" count="3" type="cond" truecount="2" falsecount="0"/>
        <line num="339" count="2" type="cond" truecount="5" falsecount="0"/>
        <line num="340" count="1" type="cond" truecount="1" falsecount="1"/>
        <line num="345" count="1" type="cond" truecount="3" falsecount="1"/>
        <line num="346" count="1" type="cond" truecount="1" falsecount="1"/>
        <line num="351" count="0" type="stmt"/>
        <line num="361" count="11" type="cond" truecount="7" falsecount="1"/>
        <line num="363" count="2" type="stmt"/>
        <line num="365" count="2" type="stmt"/>
        <line num="367" count="1" type="stmt"/>
        <line num="369" count="1" type="stmt"/>
        <line num="371" count="2" type="stmt"/>
        <line num="373" count="1" type="stmt"/>
        <line num="375" count="2" type="stmt"/>
        <line num="377" count="0" type="stmt"/>
        <line num="388" count="7" type="stmt"/>
        <line num="390" count="7" type="cond" truecount="2" falsecount="0"/>
        <line num="413" count="4" type="cond" truecount="2" falsecount="0"/>
        <line num="414" count="1" type="stmt"/>
        <line num="424" count="3" type="stmt"/>
        <line num="426" count="3" type="stmt"/>
        <line num="427" count="3" type="stmt"/>
        <line num="430" count="3" type="cond" truecount="2" falsecount="0"/>
        <line num="431" count="1" type="stmt"/>
        <line num="441" count="2" type="cond" truecount="4" falsecount="0"/>
        <line num="442" count="1" type="stmt"/>
        <line num="453" count="1" type="cond" truecount="1" falsecount="1"/>
        <line num="454" count="0" type="stmt"/>
        <line num="465" count="1" type="stmt"/>
        <line num="487" count="4" type="cond" truecount="2" falsecount="0"/>
        <line num="488" count="2" type="stmt"/>
        <line num="498" count="2" type="stmt"/>
        <line num="499" count="2" type="stmt"/>
        <line num="501" count="2" type="cond" truecount="2" falsecount="0"/>
        <line num="502" count="1" type="stmt"/>
        <line num="512" count="1" type="cond" truecount="2" falsecount="3"/>
        <line num="513" count="1" type="stmt"/>
        <line num="524" count="0" type="cond" truecount="0" falsecount="4"/>
        <line num="525" count="0" type="stmt"/>
        <line num="535" count="0" type="cond" truecount="0" falsecount="2"/>
        <line num="536" count="0" type="stmt"/>
        <line num="546" count="0" type="stmt"/>
        <line num="579" count="1" type="stmt"/>
        <line num="590" count="1" type="stmt"/>
        <line num="601" count="1" type="stmt"/>
        <line num="617" count="13" type="stmt"/>
        <line num="618" count="13" type="cond" truecount="2" falsecount="0"/>
        <line num="621" count="13" type="stmt"/>
        <line num="622" count="13" type="cond" truecount="2" falsecount="0"/>
        <line num="626" count="13" type="stmt"/>
        <line num="640" count="5" type="cond" truecount="2" falsecount="0"/>
        <line num="641" count="4" type="cond" truecount="2" falsecount="0"/>
        <line num="642" count="3" type="cond" truecount="2" falsecount="0"/>
        <line num="643" count="2" type="cond" truecount="2" falsecount="0"/>
        <line num="644" count="1" type="stmt"/>
        <line num="656" count="5" type="cond" truecount="6" falsecount="0"/>
        <line num="658" count="1" type="stmt"/>
        <line num="665" count="1" type="stmt"/>
        <line num="672" count="1" type="stmt"/>
        <line num="679" count="1" type="stmt"/>
        <line num="687" count="1" type="stmt"/>
        <line num="704" count="6" type="cond" truecount="2" falsecount="0"/>
        <line num="715" count="4" type="cond" truecount="2" falsecount="0"/>
        <line num="716" count="2" type="stmt"/>
        <line num="719" count="2" type="stmt"/>
        <line num="726" count="2" type="stmt"/>
        <line num="733" count="3" type="cond" truecount="2" falsecount="0"/>
        <line num="734" count="2" type="cond" truecount="2" falsecount="0"/>
        <line num="735" count="1" type="stmt"/>
      </file>
    </package>
  </project>
</coverage>
