{"/Users/arshidintokhtamov/Desktop/TURAN Standart Pool copy/turankz/src/hooks/useCurrentFarmer.ts": {"path":"/Users/arshidintokhtamov/Desktop/TURAN Standart Pool copy/turankz/src/hooks/useCurrentFarmer.ts","statementMap":{"0":{"start":{"line":7,"column":22},"end":{"line":7,"column":null}},"1":{"start":{"line":9,"column":2},"end":{"line":24,"column":null}},"2":{"start":{"line":12,"column":6},"end":{"line":12,"column":null}},"3":{"start":{"line":12,"column":21},"end":{"line":12,"column":null}},"4":{"start":{"line":14,"column":30},"end":{"line":18,"column":null}},"5":{"start":{"line":20,"column":6},"end":{"line":20,"column":null}},"6":{"start":{"line":20,"column":17},"end":{"line":20,"column":null}},"7":{"start":{"line":21,"column":6},"end":{"line":21,"column":null}},"8":{"start":{"line":28,"column":27},"end":{"line":28,"column":null}},"9":{"start":{"line":29,"column":2},"end":{"line":29,"column":null}},"10":{"start":{"line":33,"column":38},"end":{"line":33,"column":null}},"11":{"start":{"line":34,"column":16},"end":{"line":34,"column":null}},"12":{"start":{"line":37,"column":2},"end":{"line":37,"column":null}},"13":{"start":{"line":37,"column":25},"end":{"line":37,"column":null}},"14":{"start":{"line":39,"column":2},"end":{"line":42,"column":null}},"15":{"start":{"line":46,"column":38},"end":{"line":46,"column":null}},"16":{"start":{"line":47,"column":36},"end":{"line":47,"column":null}},"17":{"start":{"line":50,"column":2},"end":{"line":50,"column":null}},"18":{"start":{"line":50,"column":25},"end":{"line":50,"column":null}},"19":{"start":{"line":53,"column":2},"end":{"line":53,"column":null}},"20":{"start":{"line":53,"column":17},"end":{"line":53,"column":null}},"21":{"start":{"line":56,"column":2},"end":{"line":56,"column":null}},"22":{"start":{"line":56,"column":39},"end":{"line":56,"column":null}},"23":{"start":{"line":59,"column":2},"end":{"line":59,"column":null}}},"fnMap":{"0":{"name":"useCurrentFarmer","decl":{"start":{"line":6,"column":16},"end":{"line":6,"column":null}},"loc":{"start":{"line":6,"column":16},"end":{"line":25,"column":null}},"line":6},"1":{"name":"(anonymous_1)","decl":{"start":{"line":11,"column":13},"end":{"line":11,"column":null}},"loc":{"start":{"line":11,"column":13},"end":{"line":22,"column":null}},"line":11},"2":{"name":"useFarmerGrading","decl":{"start":{"line":27,"column":16},"end":{"line":27,"column":null}},"loc":{"start":{"line":27,"column":16},"end":{"line":30,"column":null}},"line":27},"3":{"name":"useIsObserver","decl":{"start":{"line":32,"column":16},"end":{"line":32,"column":null}},"loc":{"start":{"line":32,"column":16},"end":{"line":43,"column":null}},"line":32},"4":{"name":"useCanCreateBatches","decl":{"start":{"line":45,"column":16},"end":{"line":45,"column":null}},"loc":{"start":{"line":45,"column":16},"end":{"line":60,"column":null}},"line":45}},"branchMap":{"0":{"loc":{"start":{"line":12,"column":6},"end":{"line":12,"column":null}},"type":"if","locations":[{"start":{"line":12,"column":6},"end":{"line":12,"column":null}},{"start":{},"end":{}}],"line":12},"1":{"loc":{"start":{"line":20,"column":6},"end":{"line":20,"column":null}},"type":"if","locations":[{"start":{"line":20,"column":6},"end":{"line":20,"column":null}},{"start":{},"end":{}}],"line":20},"2":{"loc":{"start":{"line":23,"column":13},"end":{"line":23,"column":null}},"type":"binary-expr","locations":[{"start":{"line":23,"column":13},"end":{"line":23,"column":27}},{"start":{"line":23,"column":27},"end":{"line":23,"column":null}}],"line":23},"3":{"loc":{"start":{"line":29,"column":9},"end":{"line":29,"column":null}},"type":"binary-expr","locations":[{"start":{"line":29,"column":9},"end":{"line":29,"column":28}},{"start":{"line":29,"column":28},"end":{"line":29,"column":null}}],"line":29},"4":{"loc":{"start":{"line":37,"column":2},"end":{"line":37,"column":null}},"type":"if","locations":[{"start":{"line":37,"column":2},"end":{"line":37,"column":null}},{"start":{},"end":{}}],"line":37},"5":{"loc":{"start":{"line":50,"column":2},"end":{"line":50,"column":null}},"type":"if","locations":[{"start":{"line":50,"column":2},"end":{"line":50,"column":null}},{"start":{},"end":{}}],"line":50},"6":{"loc":{"start":{"line":53,"column":2},"end":{"line":53,"column":null}},"type":"if","locations":[{"start":{"line":53,"column":2},"end":{"line":53,"column":null}},{"start":{},"end":{}}],"line":53},"7":{"loc":{"start":{"line":56,"column":2},"end":{"line":56,"column":null}},"type":"if","locations":[{"start":{"line":56,"column":2},"end":{"line":56,"column":null}},{"start":{},"end":{}}],"line":56},"8":{"loc":{"start":{"line":59,"column":9},"end":{"line":59,"column":null}},"type":"binary-expr","locations":[{"start":{"line":59,"column":9},"end":{"line":59,"column":52}},{"start":{"line":59,"column":52},"end":{"line":59,"column":null}}],"line":59}},"s":{"0":25,"1":25,"2":12,"3":0,"4":12,"5":12,"6":1,"7":11,"8":7,"9":7,"10":5,"11":5,"12":5,"13":1,"14":4,"15":7,"16":7,"17":7,"18":1,"19":6,"20":4,"21":2,"22":0,"23":2},"f":{"0":25,"1":12,"2":7,"3":5,"4":7},"b":{"0":[0,12],"1":[1,11],"2":[25,24],"3":[7,4],"4":[1,4],"5":[1,6],"6":[4,2],"7":[0,2],"8":[2,1]},"meta":{"lastBranch":9,"lastFunction":5,"lastStatement":24,"seen":{"f:6:16:6:Infinity":0,"s:7:22:7:Infinity":0,"s:9:2:24:Infinity":1,"f:11:13:11:Infinity":1,"b:12:6:12:Infinity:undefined:undefined:undefined:undefined":0,"s:12:6:12:Infinity":2,"s:12:21:12:Infinity":3,"s:14:30:18:Infinity":4,"b:20:6:20:Infinity:undefined:undefined:undefined:undefined":1,"s:20:6:20:Infinity":5,"s:20:17:20:Infinity":6,"s:21:6:21:Infinity":7,"b:23:13:23:27:23:27:23:Infinity":2,"f:27:16:27:Infinity":2,"s:28:27:28:Infinity":8,"s:29:2:29:Infinity":9,"b:29:9:29:28:29:28:29:Infinity":3,"f:32:16:32:Infinity":3,"s:33:38:33:Infinity":10,"s:34:16:34:Infinity":11,"b:37:2:37:Infinity:undefined:undefined:undefined:undefined":4,"s:37:2:37:Infinity":12,"s:37:25:37:Infinity":13,"s:39:2:42:Infinity":14,"f:45:16:45:Infinity":4,"s:46:38:46:Infinity":15,"s:47:36:47:Infinity":16,"b:50:2:50:Infinity:undefined:undefined:undefined:undefined":5,"s:50:2:50:Infinity":17,"s:50:25:50:Infinity":18,"b:53:2:53:Infinity:undefined:undefined:undefined:undefined":6,"s:53:2:53:Infinity":19,"s:53:17:53:Infinity":20,"b:56:2:56:Infinity:undefined:undefined:undefined:undefined":7,"s:56:2:56:Infinity":21,"s:56:39:56:Infinity":22,"s:59:2:59:Infinity":23,"b:59:9:59:52:59:52:59:Infinity":8}}}
,"/Users/arshidintokhtamov/Desktop/TURAN Standart Pool copy/turankz/src/lib/access-control.ts": {"path":"/Users/arshidintokhtamov/Desktop/TURAN Standart Pool copy/turankz/src/lib/access-control.ts","statementMap":{"0":{"start":{"line":62,"column":51},"end":{"line":97,"column":null}},"1":{"start":{"line":105,"column":48},"end":{"line":140,"column":null}},"2":{"start":{"line":148,"column":50},"end":{"line":183,"column":null}},"3":{"start":{"line":188,"column":60},"end":{"line":192,"column":null}},"4":{"start":{"line":195,"column":2},"end":{"line":195,"column":null}},"5":{"start":{"line":199,"column":2},"end":{"line":199,"column":null}},"6":{"start":{"line":203,"column":2},"end":{"line":203,"column":null}},"7":{"start":{"line":240,"column":2},"end":{"line":246,"column":null}},"8":{"start":{"line":240,"column":31},"end":{"line":246,"column":null}},"9":{"start":{"line":258,"column":113},"end":{"line":258,"column":null}},"10":{"start":{"line":260,"column":2},"end":{"line":266,"column":null}},"11":{"start":{"line":261,"column":4},"end":{"line":263,"column":null}},"12":{"start":{"line":262,"column":6},"end":{"line":262,"column":null}},"13":{"start":{"line":264,"column":4},"end":{"line":264,"column":null}},"14":{"start":{"line":265,"column":4},"end":{"line":265,"column":null}},"15":{"start":{"line":268,"column":2},"end":{"line":268,"column":null}},"16":{"start":{"line":312,"column":2},"end":{"line":314,"column":null}},"17":{"start":{"line":313,"column":4},"end":{"line":313,"column":null}},"18":{"start":{"line":317,"column":2},"end":{"line":319,"column":null}},"19":{"start":{"line":318,"column":4},"end":{"line":318,"column":null}},"20":{"start":{"line":321,"column":2},"end":{"line":321,"column":null}},"21":{"start":{"line":334,"column":2},"end":{"line":336,"column":null}},"22":{"start":{"line":335,"column":4},"end":{"line":335,"column":null}},"23":{"start":{"line":338,"column":2},"end":{"line":340,"column":null}},"24":{"start":{"line":339,"column":4},"end":{"line":339,"column":null}},"25":{"start":{"line":342,"column":2},"end":{"line":342,"column":null}}},"fnMap":{"0":{"name":"getPermissions","decl":{"start":{"line":194,"column":16},"end":{"line":194,"column":31}},"loc":{"start":{"line":194,"column":45},"end":{"line":196,"column":null}},"line":194},"1":{"name":"canView","decl":{"start":{"line":198,"column":16},"end":{"line":198,"column":24}},"loc":{"start":{"line":198,"column":82},"end":{"line":200,"column":null}},"line":198},"2":{"name":"canAct","decl":{"start":{"line":202,"column":16},"end":{"line":202,"column":23}},"loc":{"start":{"line":202,"column":78},"end":{"line":204,"column":null}},"line":202},"3":{"name":"maskSupplyForMpk","decl":{"start":{"line":230,"column":16},"end":{"line":230,"column":33}},"loc":{"start":{"line":239,"column":2},"end":{"line":247,"column":null}},"line":239},"4":{"name":"(anonymous_4)","decl":{"start":{"line":240,"column":21},"end":{"line":240,"column":31}},"loc":{"start":{"line":240,"column":31},"end":{"line":246,"column":null}},"line":240},"5":{"name":"aggregateSupplyByRegion","decl":{"start":{"line":252,"column":16},"end":{"line":252,"column":40}},"loc":{"start":{"line":252,"column":67},"end":{"line":269,"column":null}},"line":252},"6":{"name":"validateAction","decl":{"start":{"line":307,"column":16},"end":{"line":307,"column":null}},"loc":{"start":{"line":310,"column":53},"end":{"line":322,"column":null}},"line":310},"7":{"name":"validateDataAccess","decl":{"start":{"line":327,"column":16},"end":{"line":327,"column":null}},"loc":{"start":{"line":331,"column":22},"end":{"line":343,"column":null}},"line":331}},"branchMap":{"0":{"loc":{"start":{"line":261,"column":4},"end":{"line":263,"column":null}},"type":"if","locations":[{"start":{"line":261,"column":4},"end":{"line":263,"column":null}},{"start":{},"end":{}}],"line":261},"1":{"loc":{"start":{"line":312,"column":2},"end":{"line":314,"column":null}},"type":"if","locations":[{"start":{"line":312,"column":2},"end":{"line":314,"column":null}},{"start":{},"end":{}}],"line":312},"2":{"loc":{"start":{"line":317,"column":2},"end":{"line":319,"column":null}},"type":"if","locations":[{"start":{"line":317,"column":2},"end":{"line":319,"column":null}},{"start":{},"end":{}}],"line":317},"3":{"loc":{"start":{"line":317,"column":6},"end":{"line":317,"column":78}},"type":"binary-expr","locations":[{"start":{"line":317,"column":6},"end":{"line":317,"column":37}},{"start":{"line":317,"column":37},"end":{"line":317,"column":62}},{"start":{"line":317,"column":62},"end":{"line":317,"column":78}}],"line":317},"4":{"loc":{"start":{"line":334,"column":2},"end":{"line":336,"column":null}},"type":"if","locations":[{"start":{"line":334,"column":2},"end":{"line":336,"column":null}},{"start":{},"end":{}}],"line":334},"5":{"loc":{"start":{"line":334,"column":6},"end":{"line":334,"column":87}},"type":"binary-expr","locations":[{"start":{"line":334,"column":6},"end":{"line":334,"column":36}},{"start":{"line":334,"column":36},"end":{"line":334,"column":47}},{"start":{"line":334,"column":47},"end":{"line":334,"column":62}},{"start":{"line":334,"column":62},"end":{"line":334,"column":87}}],"line":334},"6":{"loc":{"start":{"line":338,"column":2},"end":{"line":340,"column":null}},"type":"if","locations":[{"start":{"line":338,"column":2},"end":{"line":340,"column":null}},{"start":{},"end":{}}],"line":338}},"s":{"0":1,"1":1,"2":1,"3":1,"4":3,"5":47,"6":43,"7":4,"8":5,"9":4,"10":4,"11":11,"12":5,"13":11,"14":11,"15":4,"16":15,"17":4,"18":11,"19":1,"20":10,"21":16,"22":3,"23":13,"24":2,"25":11},"f":{"0":3,"1":47,"2":43,"3":4,"4":5,"5":4,"6":15,"7":16},"b":{"0":[5,6],"1":[4,11],"2":[1,10],"3":[11,4,2],"4":[3,13],"5":[16,7,6,6],"6":[2,11]},"meta":{"lastBranch":7,"lastFunction":8,"lastStatement":26,"seen":{"s:62:51:97:Infinity":0,"s:105:48:140:Infinity":1,"s:148:50:183:Infinity":2,"s:188:60:192:Infinity":3,"f:194:16:194:31":0,"s:195:2:195:Infinity":4,"f:198:16:198:24":1,"s:199:2:199:Infinity":5,"f:202:16:202:23":2,"s:203:2:203:Infinity":6,"f:230:16:230:33":3,"s:240:2:246:Infinity":7,"f:240:21:240:31":4,"s:240:31:246:Infinity":8,"f:252:16:252:40":5,"s:258:113:258:Infinity":9,"s:260:2:266:Infinity":10,"b:261:4:263:Infinity:undefined:undefined:undefined:undefined":0,"s:261:4:263:Infinity":11,"s:262:6:262:Infinity":12,"s:264:4:264:Infinity":13,"s:265:4:265:Infinity":14,"s:268:2:268:Infinity":15,"f:307:16:307:Infinity":6,"b:312:2:314:Infinity:undefined:undefined:undefined:undefined":1,"s:312:2:314:Infinity":16,"s:313:4:313:Infinity":17,"b:317:2:319:Infinity:undefined:undefined:undefined:undefined":2,"s:317:2:319:Infinity":18,"b:317:6:317:37:317:37:317:62:317:62:317:78":3,"s:318:4:318:Infinity":19,"s:321:2:321:Infinity":20,"f:327:16:327:Infinity":7,"b:334:2:336:Infinity:undefined:undefined:undefined:undefined":4,"s:334:2:336:Infinity":21,"b:334:6:334:36:334:36:334:47:334:47:334:62:334:62:334:87":5,"s:335:4:335:Infinity":22,"b:338:2:340:Infinity:undefined:undefined:undefined:undefined":6,"s:338:2:340:Infinity":23,"s:339:4:339:Infinity":24,"s:342:2:342:Infinity":25}}}
,"/Users/arshidintokhtamov/Desktop/TURAN Standart Pool copy/turankz/src/lib/batch-lifecycle.ts": {"path":"/Users/arshidintokhtamov/Desktop/TURAN Standart Pool copy/turankz/src/lib/batch-lifecycle.ts","statementMap":{"0":{"start":{"line":9,"column":30},"end":{"line":16,"column":null}},"1":{"start":{"line":25,"column":58},"end":{"line":25,"column":null}},"2":{"start":{"line":35,"column":46},"end":{"line":35,"column":null}},"3":{"start":{"line":36,"column":2},"end":{"line":39,"column":null}},"4":{"start":{"line":49,"column":2},"end":{"line":57,"column":null}},"5":{"start":{"line":61,"column":73},"end":{"line":68,"column":null}},"6":{"start":{"line":71,"column":76},"end":{"line":78,"column":null}},"7":{"start":{"line":81,"column":79},"end":{"line":88,"column":null}},"8":{"start":{"line":90,"column":82},"end":{"line":97,"column":null}},"9":{"start":{"line":109,"column":73},"end":{"line":127,"column":null}},"10":{"start":{"line":133,"column":2},"end":{"line":133,"column":null}},"11":{"start":{"line":143,"column":16},"end":{"line":143,"column":50}},"12":{"start":{"line":144,"column":2},"end":{"line":144,"column":null}},"13":{"start":{"line":144,"column":28},"end":{"line":144,"column":null}},"14":{"start":{"line":156,"column":2},"end":{"line":156,"column":null}},"15":{"start":{"line":156,"column":22},"end":{"line":156,"column":null}},"16":{"start":{"line":158,"column":16},"end":{"line":158,"column":50}},"17":{"start":{"line":159,"column":23},"end":{"line":159,"column":null}},"18":{"start":{"line":159,"column":42},"end":{"line":159,"column":null}},"19":{"start":{"line":160,"column":2},"end":{"line":160,"column":null}},"20":{"start":{"line":171,"column":18},"end":{"line":171,"column":null}},"21":{"start":{"line":172,"column":2},"end":{"line":172,"column":null}},"22":{"start":{"line":183,"column":2},"end":{"line":183,"column":null}},"23":{"start":{"line":183,"column":22},"end":{"line":183,"column":null}},"24":{"start":{"line":185,"column":16},"end":{"line":185,"column":53}},"25":{"start":{"line":186,"column":2},"end":{"line":188,"column":null}},"26":{"start":{"line":187,"column":20},"end":{"line":187,"column":null}},"27":{"start":{"line":188,"column":17},"end":{"line":188,"column":24}},"28":{"start":{"line":198,"column":2},"end":{"line":198,"column":null}},"29":{"start":{"line":202,"column":37},"end":{"line":211,"column":null}},"30":{"start":{"line":229,"column":2},"end":{"line":256,"column":null}},"31":{"start":{"line":232,"column":6},"end":{"line":235,"column":null}},"32":{"start":{"line":237,"column":6},"end":{"line":241,"column":null}},"33":{"start":{"line":245,"column":6},"end":{"line":249,"column":null}},"34":{"start":{"line":251,"column":6},"end":{"line":255,"column":null}},"35":{"start":{"line":263,"column":16},"end":{"line":263,"column":null}},"36":{"start":{"line":264,"column":2},"end":{"line":264,"column":null}},"37":{"start":{"line":271,"column":2},"end":{"line":271,"column":null}},"38":{"start":{"line":278,"column":16},"end":{"line":278,"column":null}},"39":{"start":{"line":279,"column":2},"end":{"line":279,"column":null}},"40":{"start":{"line":287,"column":2},"end":{"line":287,"column":null}},"41":{"start":{"line":294,"column":2},"end":{"line":294,"column":null}},"42":{"start":{"line":301,"column":16},"end":{"line":301,"column":null}},"43":{"start":{"line":302,"column":2},"end":{"line":302,"column":null}},"44":{"start":{"line":310,"column":2},"end":{"line":310,"column":null}},"45":{"start":{"line":317,"column":2},"end":{"line":317,"column":null}},"46":{"start":{"line":324,"column":2},"end":{"line":337,"column":null}},"47":{"start":{"line":326,"column":6},"end":{"line":326,"column":null}},"48":{"start":{"line":328,"column":6},"end":{"line":328,"column":null}},"49":{"start":{"line":330,"column":6},"end":{"line":330,"column":null}},"50":{"start":{"line":332,"column":6},"end":{"line":332,"column":null}},"51":{"start":{"line":334,"column":6},"end":{"line":334,"column":null}},"52":{"start":{"line":336,"column":6},"end":{"line":336,"column":null}},"53":{"start":{"line":341,"column":2},"end":{"line":354,"column":null}},"54":{"start":{"line":343,"column":6},"end":{"line":343,"column":null}},"55":{"start":{"line":345,"column":6},"end":{"line":345,"column":null}},"56":{"start":{"line":347,"column":6},"end":{"line":347,"column":null}},"57":{"start":{"line":349,"column":6},"end":{"line":349,"column":null}},"58":{"start":{"line":351,"column":6},"end":{"line":351,"column":null}},"59":{"start":{"line":353,"column":6},"end":{"line":353,"column":null}},"60":{"start":{"line":377,"column":2},"end":{"line":389,"column":null}},"61":{"start":{"line":378,"column":4},"end":{"line":388,"column":null}},"62":{"start":{"line":392,"column":2},"end":{"line":404,"column":null}},"63":{"start":{"line":393,"column":4},"end":{"line":403,"column":null}},"64":{"start":{"line":407,"column":2},"end":{"line":419,"column":null}},"65":{"start":{"line":408,"column":4},"end":{"line":418,"column":null}},"66":{"start":{"line":422,"column":2},"end":{"line":434,"column":null}},"67":{"start":{"line":423,"column":4},"end":{"line":433,"column":null}},"68":{"start":{"line":437,"column":2},"end":{"line":449,"column":null}},"69":{"start":{"line":438,"column":4},"end":{"line":448,"column":null}},"70":{"start":{"line":452,"column":2},"end":{"line":457,"column":null}},"71":{"start":{"line":467,"column":2},"end":{"line":467,"column":null}},"72":{"start":{"line":477,"column":2},"end":{"line":479,"column":null}},"73":{"start":{"line":490,"column":2},"end":{"line":492,"column":null}},"74":{"start":{"line":491,"column":4},"end":{"line":491,"column":null}},"75":{"start":{"line":494,"column":23},"end":{"line":494,"column":null}},"76":{"start":{"line":495,"column":22},"end":{"line":495,"column":null}},"77":{"start":{"line":498,"column":2},"end":{"line":500,"column":null}},"78":{"start":{"line":499,"column":4},"end":{"line":499,"column":null}},"79":{"start":{"line":503,"column":16},"end":{"line":503,"column":53}},"80":{"start":{"line":504,"column":23},"end":{"line":504,"column":null}},"81":{"start":{"line":504,"column":42},"end":{"line":504,"column":null}},"82":{"start":{"line":506,"column":2},"end":{"line":508,"column":null}},"83":{"start":{"line":507,"column":4},"end":{"line":507,"column":null}},"84":{"start":{"line":511,"column":2},"end":{"line":513,"column":null}},"85":{"start":{"line":512,"column":4},"end":{"line":512,"column":null}},"86":{"start":{"line":515,"column":2},"end":{"line":515,"column":null}},"87":{"start":{"line":523,"column":2},"end":{"line":525,"column":null}},"88":{"start":{"line":524,"column":4},"end":{"line":524,"column":null}},"89":{"start":{"line":527,"column":23},"end":{"line":527,"column":null}},"90":{"start":{"line":528,"column":22},"end":{"line":528,"column":null}},"91":{"start":{"line":530,"column":2},"end":{"line":532,"column":null}},"92":{"start":{"line":531,"column":4},"end":{"line":531,"column":null}},"93":{"start":{"line":534,"column":16},"end":{"line":534,"column":53}},"94":{"start":{"line":535,"column":23},"end":{"line":535,"column":null}},"95":{"start":{"line":535,"column":42},"end":{"line":535,"column":null}},"96":{"start":{"line":537,"column":2},"end":{"line":539,"column":null}},"97":{"start":{"line":538,"column":4},"end":{"line":538,"column":null}},"98":{"start":{"line":541,"column":2},"end":{"line":543,"column":null}},"99":{"start":{"line":542,"column":4},"end":{"line":542,"column":null}},"100":{"start":{"line":545,"column":2},"end":{"line":545,"column":null}},"101":{"start":{"line":556,"column":2},"end":{"line":558,"column":null}},"102":{"start":{"line":557,"column":4},"end":{"line":557,"column":null}},"103":{"start":{"line":560,"column":2},"end":{"line":565,"column":null}},"104":{"start":{"line":561,"column":4},"end":{"line":564,"column":null}},"105":{"start":{"line":567,"column":2},"end":{"line":567,"column":null}},"106":{"start":{"line":579,"column":17},"end":{"line":579,"column":null}},"107":{"start":{"line":580,"column":2},"end":{"line":583,"column":null}},"108":{"start":{"line":598,"column":120},"end":{"line":598,"column":122}},"109":{"start":{"line":600,"column":2},"end":{"line":623,"column":null}},"110":{"start":{"line":601,"column":4},"end":{"line":601,"column":null}},"111":{"start":{"line":601,"column":34},"end":{"line":601,"column":null}},"112":{"start":{"line":603,"column":23},"end":{"line":603,"column":null}},"113":{"start":{"line":604,"column":4},"end":{"line":622,"column":null}},"114":{"start":{"line":605,"column":54},"end":{"line":605,"column":null}},"115":{"start":{"line":608,"column":26},"end":{"line":608,"column":null}},"116":{"start":{"line":609,"column":27},"end":{"line":609,"column":null}},"117":{"start":{"line":611,"column":6},"end":{"line":615,"column":null}},"118":{"start":{"line":612,"column":8},"end":{"line":612,"column":null}},"119":{"start":{"line":613,"column":13},"end":{"line":615,"column":null}},"120":{"start":{"line":614,"column":8},"end":{"line":614,"column":null}},"121":{"start":{"line":617,"column":6},"end":{"line":621,"column":null}},"122":{"start":{"line":625,"column":2},"end":{"line":625,"column":null}}},"fnMap":{"0":{"name":"enforceInitialStatus","decl":{"start":{"line":31,"column":16},"end":{"line":31,"column":null}},"loc":{"start":{"line":32,"column":14},"end":{"line":40,"column":null}},"line":32},"1":{"name":"getBatchCreationInfo","decl":{"start":{"line":45,"column":16},"end":{"line":45,"column":37}},"loc":{"start":{"line":45,"column":61},"end":{"line":58,"column":null}},"line":45},"2":{"name":"getStatusIndex","decl":{"start":{"line":132,"column":16},"end":{"line":132,"column":31}},"loc":{"start":{"line":132,"column":59},"end":{"line":134,"column":null}},"line":132},"3":{"name":"isTransitionAllowed","decl":{"start":{"line":139,"column":16},"end":{"line":139,"column":null}},"loc":{"start":{"line":141,"column":32},"end":{"line":145,"column":null}},"line":141},"4":{"name":"(anonymous_4)","decl":{"start":{"line":144,"column":20},"end":{"line":144,"column":28}},"loc":{"start":{"line":144,"column":28},"end":{"line":144,"column":null}},"line":144},"5":{"name":"canRoleTransition","decl":{"start":{"line":150,"column":16},"end":{"line":150,"column":null}},"loc":{"start":{"line":153,"column":17},"end":{"line":161,"column":null}},"line":153},"6":{"name":"(anonymous_6)","decl":{"start":{"line":159,"column":34},"end":{"line":159,"column":42}},"loc":{"start":{"line":159,"column":42},"end":{"line":159,"column":null}},"line":159},"7":{"name":"getNextAllowedStatus","decl":{"start":{"line":167,"column":16},"end":{"line":167,"column":null}},"loc":{"start":{"line":169,"column":34},"end":{"line":173,"column":null}},"line":169},"8":{"name":"getAllowedTransitions","decl":{"start":{"line":179,"column":16},"end":{"line":179,"column":null}},"loc":{"start":{"line":181,"column":17},"end":{"line":189,"column":null}},"line":181},"9":{"name":"(anonymous_9)","decl":{"start":{"line":187,"column":12},"end":{"line":187,"column":20}},"loc":{"start":{"line":187,"column":20},"end":{"line":187,"column":null}},"line":187},"10":{"name":"(anonymous_10)","decl":{"start":{"line":188,"column":9},"end":{"line":188,"column":17}},"loc":{"start":{"line":188,"column":17},"end":{"line":188,"column":24}},"line":188},"11":{"name":"getAllNextStatuses","decl":{"start":{"line":194,"column":16},"end":{"line":194,"column":null}},"loc":{"start":{"line":196,"column":34},"end":{"line":199,"column":null}},"line":196},"12":{"name":"getEditRulesForStatus","decl":{"start":{"line":228,"column":16},"end":{"line":228,"column":38}},"loc":{"start":{"line":228,"column":66},"end":{"line":257,"column":null}},"line":228},"13":{"name":"isFieldEditable","decl":{"start":{"line":262,"column":16},"end":{"line":262,"column":32}},"loc":{"start":{"line":262,"column":87},"end":{"line":265,"column":null}},"line":262},"14":{"name":"requiresEditConfirmation","decl":{"start":{"line":270,"column":16},"end":{"line":270,"column":41}},"loc":{"start":{"line":270,"column":69},"end":{"line":272,"column":null}},"line":270},"15":{"name":"getLockedFieldTooltip","decl":{"start":{"line":277,"column":16},"end":{"line":277,"column":38}},"loc":{"start":{"line":277,"column":66},"end":{"line":280,"column":null}},"line":277},"16":{"name":"canEditBatchData","decl":{"start":{"line":286,"column":16},"end":{"line":286,"column":33}},"loc":{"start":{"line":286,"column":61},"end":{"line":288,"column":null}},"line":286},"17":{"name":"isBatchReadOnly","decl":{"start":{"line":293,"column":16},"end":{"line":293,"column":32}},"loc":{"start":{"line":293,"column":60},"end":{"line":295,"column":null}},"line":293},"18":{"name":"isCommitted","decl":{"start":{"line":300,"column":16},"end":{"line":300,"column":28}},"loc":{"start":{"line":300,"column":56},"end":{"line":303,"column":null}},"line":300},"19":{"name":"isVisibleForMatching","decl":{"start":{"line":309,"column":16},"end":{"line":309,"column":37}},"loc":{"start":{"line":309,"column":65},"end":{"line":311,"column":null}},"line":309},"20":{"name":"isLifecycleComplete","decl":{"start":{"line":316,"column":16},"end":{"line":316,"column":36}},"loc":{"start":{"line":316,"column":64},"end":{"line":318,"column":null}},"line":316},"21":{"name":"getTransitionActionLabel","decl":{"start":{"line":323,"column":16},"end":{"line":323,"column":41}},"loc":{"start":{"line":323,"column":71},"end":{"line":338,"column":null}},"line":323},"22":{"name":"getTransitionActionLabelRu","decl":{"start":{"line":340,"column":16},"end":{"line":340,"column":43}},"loc":{"start":{"line":340,"column":73},"end":{"line":355,"column":null}},"line":340},"23":{"name":"getTransitionConfirmation","decl":{"start":{"line":371,"column":16},"end":{"line":371,"column":null}},"loc":{"start":{"line":374,"column":26},"end":{"line":458,"column":null}},"line":374},"24":{"name":"requiresTransitionConfirmation","decl":{"start":{"line":463,"column":16},"end":{"line":463,"column":null}},"loc":{"start":{"line":465,"column":32},"end":{"line":468,"column":null}},"line":465},"25":{"name":"getConfirmationDialogLabels","decl":{"start":{"line":473,"column":16},"end":{"line":473,"column":44}},"loc":{"start":{"line":473,"column":68},"end":{"line":480,"column":null}},"line":473},"26":{"name":"getDisabledTransitionTooltip","decl":{"start":{"line":485,"column":16},"end":{"line":485,"column":null}},"loc":{"start":{"line":488,"column":17},"end":{"line":516,"column":null}},"line":488},"27":{"name":"(anonymous_27)","decl":{"start":{"line":504,"column":34},"end":{"line":504,"column":42}},"loc":{"start":{"line":504,"column":42},"end":{"line":504,"column":null}},"line":504},"28":{"name":"getDisabledTransitionTooltipRu","decl":{"start":{"line":518,"column":16},"end":{"line":518,"column":null}},"loc":{"start":{"line":521,"column":17},"end":{"line":546,"column":null}},"line":521},"29":{"name":"(anonymous_29)","decl":{"start":{"line":535,"column":34},"end":{"line":535,"column":42}},"loc":{"start":{"line":535,"column":42},"end":{"line":535,"column":null}},"line":535},"30":{"name":"validateTransition","decl":{"start":{"line":551,"column":16},"end":{"line":551,"column":null}},"loc":{"start":{"line":554,"column":17},"end":{"line":568,"column":null}},"line":554},"31":{"name":"validateTransitionComplete","decl":{"start":{"line":574,"column":16},"end":{"line":574,"column":null}},"loc":{"start":{"line":577,"column":17},"end":{"line":584,"column":null}},"line":577},"32":{"name":"getBlockedTransitions","decl":{"start":{"line":590,"column":16},"end":{"line":590,"column":null}},"loc":{"start":{"line":592,"column":17},"end":{"line":626,"column":null}},"line":592}},"branchMap":{"0":{"loc":{"start":{"line":45,"column":37},"end":{"line":45,"column":61}},"type":"default-arg","locations":[{"start":{"line":45,"column":57},"end":{"line":45,"column":61}}],"line":45},"1":{"loc":{"start":{"line":49,"column":9},"end":{"line":57,"column":null}},"type":"cond-expr","locations":[{"start":{"line":50,"column":6},"end":{"line":53,"column":null}},{"start":{"line":54,"column":6},"end":{"line":57,"column":null}}],"line":49},"2":{"loc":{"start":{"line":143,"column":16},"end":{"line":143,"column":50}},"type":"binary-expr","locations":[{"start":{"line":143,"column":16},"end":{"line":143,"column":44}},{"start":{"line":143,"column":48},"end":{"line":143,"column":50}}],"line":143},"3":{"loc":{"start":{"line":156,"column":2},"end":{"line":156,"column":null}},"type":"if","locations":[{"start":{"line":156,"column":2},"end":{"line":156,"column":null}},{"start":{},"end":{}}],"line":156},"4":{"loc":{"start":{"line":158,"column":16},"end":{"line":158,"column":50}},"type":"binary-expr","locations":[{"start":{"line":158,"column":16},"end":{"line":158,"column":44}},{"start":{"line":158,"column":48},"end":{"line":158,"column":50}}],"line":158},"5":{"loc":{"start":{"line":160,"column":9},"end":{"line":160,"column":null}},"type":"binary-expr","locations":[{"start":{"line":160,"column":9},"end":{"line":160,"column":69}},{"start":{"line":160,"column":69},"end":{"line":160,"column":null}}],"line":160},"6":{"loc":{"start":{"line":172,"column":9},"end":{"line":172,"column":null}},"type":"cond-expr","locations":[{"start":{"line":172,"column":30},"end":{"line":172,"column":40}},{"start":{"line":172,"column":43},"end":{"line":172,"column":null}}],"line":172},"7":{"loc":{"start":{"line":183,"column":2},"end":{"line":183,"column":null}},"type":"if","locations":[{"start":{"line":183,"column":2},"end":{"line":183,"column":null}},{"start":{},"end":{}}],"line":183},"8":{"loc":{"start":{"line":185,"column":16},"end":{"line":185,"column":53}},"type":"binary-expr","locations":[{"start":{"line":185,"column":16},"end":{"line":185,"column":47}},{"start":{"line":185,"column":51},"end":{"line":185,"column":53}}],"line":185},"9":{"loc":{"start":{"line":229,"column":2},"end":{"line":256,"column":null}},"type":"switch","locations":[{"start":{"line":230,"column":4},"end":{"line":230,"column":null}},{"start":{"line":231,"column":4},"end":{"line":235,"column":null}},{"start":{"line":236,"column":4},"end":{"line":241,"column":null}},{"start":{"line":242,"column":4},"end":{"line":242,"column":null}},{"start":{"line":243,"column":4},"end":{"line":243,"column":null}},{"start":{"line":244,"column":4},"end":{"line":249,"column":null}},{"start":{"line":250,"column":4},"end":{"line":255,"column":null}}],"line":229},"10":{"loc":{"start":{"line":264,"column":9},"end":{"line":264,"column":null}},"type":"binary-expr","locations":[{"start":{"line":264,"column":9},"end":{"line":264,"column":39}},{"start":{"line":264,"column":39},"end":{"line":264,"column":null}}],"line":264},"11":{"loc":{"start":{"line":279,"column":9},"end":{"line":279,"column":null}},"type":"binary-expr","locations":[{"start":{"line":279,"column":9},"end":{"line":279,"column":28}},{"start":{"line":279,"column":32},"end":{"line":279,"column":null}}],"line":279},"12":{"loc":{"start":{"line":287,"column":9},"end":{"line":287,"column":null}},"type":"binary-expr","locations":[{"start":{"line":287,"column":9},"end":{"line":287,"column":31}},{"start":{"line":287,"column":31},"end":{"line":287,"column":56}},{"start":{"line":287,"column":56},"end":{"line":287,"column":null}}],"line":287},"13":{"loc":{"start":{"line":294,"column":9},"end":{"line":294,"column":null}},"type":"binary-expr","locations":[{"start":{"line":294,"column":9},"end":{"line":294,"column":35}},{"start":{"line":294,"column":35},"end":{"line":294,"column":59}},{"start":{"line":294,"column":59},"end":{"line":294,"column":null}}],"line":294},"14":{"loc":{"start":{"line":310,"column":9},"end":{"line":310,"column":null}},"type":"binary-expr","locations":[{"start":{"line":310,"column":9},"end":{"line":310,"column":40}},{"start":{"line":310,"column":40},"end":{"line":310,"column":null}}],"line":310},"15":{"loc":{"start":{"line":317,"column":9},"end":{"line":317,"column":null}},"type":"binary-expr","locations":[{"start":{"line":317,"column":9},"end":{"line":317,"column":33}},{"start":{"line":317,"column":33},"end":{"line":317,"column":null}}],"line":317},"16":{"loc":{"start":{"line":324,"column":2},"end":{"line":337,"column":null}},"type":"switch","locations":[{"start":{"line":325,"column":4},"end":{"line":326,"column":null}},{"start":{"line":327,"column":4},"end":{"line":328,"column":null}},{"start":{"line":329,"column":4},"end":{"line":330,"column":null}},{"start":{"line":331,"column":4},"end":{"line":332,"column":null}},{"start":{"line":333,"column":4},"end":{"line":334,"column":null}},{"start":{"line":335,"column":4},"end":{"line":336,"column":null}}],"line":324},"17":{"loc":{"start":{"line":341,"column":2},"end":{"line":354,"column":null}},"type":"switch","locations":[{"start":{"line":342,"column":4},"end":{"line":343,"column":null}},{"start":{"line":344,"column":4},"end":{"line":345,"column":null}},{"start":{"line":346,"column":4},"end":{"line":347,"column":null}},{"start":{"line":348,"column":4},"end":{"line":349,"column":null}},{"start":{"line":350,"column":4},"end":{"line":351,"column":null}},{"start":{"line":352,"column":4},"end":{"line":353,"column":null}}],"line":341},"18":{"loc":{"start":{"line":374,"column":2},"end":{"line":374,"column":26}},"type":"default-arg","locations":[{"start":{"line":374,"column":22},"end":{"line":374,"column":26}}],"line":374},"19":{"loc":{"start":{"line":377,"column":2},"end":{"line":389,"column":null}},"type":"if","locations":[{"start":{"line":377,"column":2},"end":{"line":389,"column":null}},{"start":{},"end":{}}],"line":377},"20":{"loc":{"start":{"line":377,"column":6},"end":{"line":377,"column":67}},"type":"binary-expr","locations":[{"start":{"line":377,"column":6},"end":{"line":377,"column":41}},{"start":{"line":377,"column":41},"end":{"line":377,"column":67}}],"line":377},"21":{"loc":{"start":{"line":378,"column":11},"end":{"line":388,"column":null}},"type":"cond-expr","locations":[{"start":{"line":378,"column":27},"end":{"line":383,"column":8}},{"start":{"line":383,"column":8},"end":{"line":388,"column":null}}],"line":378},"22":{"loc":{"start":{"line":392,"column":2},"end":{"line":404,"column":null}},"type":"if","locations":[{"start":{"line":392,"column":2},"end":{"line":404,"column":null}},{"start":{},"end":{}}],"line":392},"23":{"loc":{"start":{"line":392,"column":6},"end":{"line":392,"column":60}},"type":"binary-expr","locations":[{"start":{"line":392,"column":6},"end":{"line":392,"column":36}},{"start":{"line":392,"column":36},"end":{"line":392,"column":60}}],"line":392},"24":{"loc":{"start":{"line":393,"column":11},"end":{"line":403,"column":null}},"type":"cond-expr","locations":[{"start":{"line":393,"column":27},"end":{"line":398,"column":8}},{"start":{"line":398,"column":8},"end":{"line":403,"column":null}}],"line":393},"25":{"loc":{"start":{"line":407,"column":2},"end":{"line":419,"column":null}},"type":"if","locations":[{"start":{"line":407,"column":2},"end":{"line":419,"column":null}},{"start":{},"end":{}}],"line":407},"26":{"loc":{"start":{"line":407,"column":6},"end":{"line":407,"column":59}},"type":"binary-expr","locations":[{"start":{"line":407,"column":6},"end":{"line":407,"column":36}},{"start":{"line":407,"column":36},"end":{"line":407,"column":59}}],"line":407},"27":{"loc":{"start":{"line":408,"column":11},"end":{"line":418,"column":null}},"type":"cond-expr","locations":[{"start":{"line":408,"column":27},"end":{"line":413,"column":8}},{"start":{"line":413,"column":8},"end":{"line":418,"column":null}}],"line":408},"28":{"loc":{"start":{"line":422,"column":2},"end":{"line":434,"column":null}},"type":"if","locations":[{"start":{"line":422,"column":2},"end":{"line":434,"column":null}},{"start":{},"end":{}}],"line":422},"29":{"loc":{"start":{"line":422,"column":6},"end":{"line":422,"column":57}},"type":"binary-expr","locations":[{"start":{"line":422,"column":6},"end":{"line":422,"column":34}},{"start":{"line":422,"column":34},"end":{"line":422,"column":57}}],"line":422},"30":{"loc":{"start":{"line":423,"column":11},"end":{"line":433,"column":null}},"type":"cond-expr","locations":[{"start":{"line":423,"column":27},"end":{"line":428,"column":8}},{"start":{"line":428,"column":8},"end":{"line":433,"column":null}}],"line":423},"31":{"loc":{"start":{"line":437,"column":2},"end":{"line":449,"column":null}},"type":"if","locations":[{"start":{"line":437,"column":2},"end":{"line":449,"column":null}},{"start":{},"end":{}}],"line":437},"32":{"loc":{"start":{"line":437,"column":6},"end":{"line":437,"column":66}},"type":"binary-expr","locations":[{"start":{"line":437,"column":6},"end":{"line":437,"column":35}},{"start":{"line":437,"column":35},"end":{"line":437,"column":66}}],"line":437},"33":{"loc":{"start":{"line":438,"column":11},"end":{"line":448,"column":null}},"type":"cond-expr","locations":[{"start":{"line":438,"column":27},"end":{"line":443,"column":8}},{"start":{"line":443,"column":8},"end":{"line":448,"column":null}}],"line":438},"34":{"loc":{"start":{"line":453,"column":11},"end":{"line":453,"column":null}},"type":"cond-expr","locations":[{"start":{"line":453,"column":27},"end":{"line":453,"column":47}},{"start":{"line":453,"column":47},"end":{"line":453,"column":null}}],"line":453},"35":{"loc":{"start":{"line":454,"column":13},"end":{"line":454,"column":null}},"type":"cond-expr","locations":[{"start":{"line":454,"column":29},"end":{"line":454,"column":80}},{"start":{"line":454,"column":80},"end":{"line":454,"column":null}}],"line":454},"36":{"loc":{"start":{"line":473,"column":44},"end":{"line":473,"column":68}},"type":"default-arg","locations":[{"start":{"line":473,"column":64},"end":{"line":473,"column":68}}],"line":473},"37":{"loc":{"start":{"line":477,"column":9},"end":{"line":479,"column":null}},"type":"cond-expr","locations":[{"start":{"line":478,"column":6},"end":{"line":478,"column":null}},{"start":{"line":479,"column":6},"end":{"line":479,"column":null}}],"line":477},"38":{"loc":{"start":{"line":490,"column":2},"end":{"line":492,"column":null}},"type":"if","locations":[{"start":{"line":490,"column":2},"end":{"line":492,"column":null}},{"start":{},"end":{}}],"line":490},"39":{"loc":{"start":{"line":498,"column":2},"end":{"line":500,"column":null}},"type":"if","locations":[{"start":{"line":498,"column":2},"end":{"line":500,"column":null}},{"start":{},"end":{}}],"line":498},"40":{"loc":{"start":{"line":503,"column":16},"end":{"line":503,"column":53}},"type":"binary-expr","locations":[{"start":{"line":503,"column":16},"end":{"line":503,"column":47}},{"start":{"line":503,"column":51},"end":{"line":503,"column":53}}],"line":503},"41":{"loc":{"start":{"line":506,"column":2},"end":{"line":508,"column":null}},"type":"if","locations":[{"start":{"line":506,"column":2},"end":{"line":508,"column":null}},{"start":{},"end":{}}],"line":506},"42":{"loc":{"start":{"line":506,"column":6},"end":{"line":506,"column":80}},"type":"binary-expr","locations":[{"start":{"line":506,"column":6},"end":{"line":506,"column":22}},{"start":{"line":506,"column":22},"end":{"line":506,"column":80}}],"line":506},"43":{"loc":{"start":{"line":511,"column":2},"end":{"line":513,"column":null}},"type":"if","locations":[{"start":{"line":511,"column":2},"end":{"line":513,"column":null}},{"start":{},"end":{}}],"line":511},"44":{"loc":{"start":{"line":523,"column":2},"end":{"line":525,"column":null}},"type":"if","locations":[{"start":{"line":523,"column":2},"end":{"line":525,"column":null}},{"start":{},"end":{}}],"line":523},"45":{"loc":{"start":{"line":530,"column":2},"end":{"line":532,"column":null}},"type":"if","locations":[{"start":{"line":530,"column":2},"end":{"line":532,"column":null}},{"start":{},"end":{}}],"line":530},"46":{"loc":{"start":{"line":534,"column":16},"end":{"line":534,"column":53}},"type":"binary-expr","locations":[{"start":{"line":534,"column":16},"end":{"line":534,"column":47}},{"start":{"line":534,"column":51},"end":{"line":534,"column":53}}],"line":534},"47":{"loc":{"start":{"line":537,"column":2},"end":{"line":539,"column":null}},"type":"if","locations":[{"start":{"line":537,"column":2},"end":{"line":539,"column":null}},{"start":{},"end":{}}],"line":537},"48":{"loc":{"start":{"line":537,"column":6},"end":{"line":537,"column":80}},"type":"binary-expr","locations":[{"start":{"line":537,"column":6},"end":{"line":537,"column":22}},{"start":{"line":537,"column":22},"end":{"line":537,"column":80}}],"line":537},"49":{"loc":{"start":{"line":541,"column":2},"end":{"line":543,"column":null}},"type":"if","locations":[{"start":{"line":541,"column":2},"end":{"line":543,"column":null}},{"start":{},"end":{}}],"line":541},"50":{"loc":{"start":{"line":556,"column":2},"end":{"line":558,"column":null}},"type":"if","locations":[{"start":{"line":556,"column":2},"end":{"line":558,"column":null}},{"start":{},"end":{}}],"line":556},"51":{"loc":{"start":{"line":560,"column":2},"end":{"line":565,"column":null}},"type":"if","locations":[{"start":{"line":560,"column":2},"end":{"line":565,"column":null}},{"start":{},"end":{}}],"line":560},"52":{"loc":{"start":{"line":582,"column":15},"end":{"line":582,"column":null}},"type":"cond-expr","locations":[{"start":{"line":582,"column":30},"end":{"line":582,"column":42}},{"start":{"line":582,"column":42},"end":{"line":582,"column":null}}],"line":582},"53":{"loc":{"start":{"line":601,"column":4},"end":{"line":601,"column":null}},"type":"if","locations":[{"start":{"line":601,"column":4},"end":{"line":601,"column":null}},{"start":{},"end":{}}],"line":601},"54":{"loc":{"start":{"line":604,"column":4},"end":{"line":622,"column":null}},"type":"if","locations":[{"start":{"line":604,"column":4},"end":{"line":622,"column":null}},{"start":{},"end":{}}],"line":604},"55":{"loc":{"start":{"line":611,"column":6},"end":{"line":615,"column":null}},"type":"if","locations":[{"start":{"line":611,"column":6},"end":{"line":615,"column":null}},{"start":{"line":613,"column":13},"end":{"line":615,"column":null}}],"line":611},"56":{"loc":{"start":{"line":613,"column":13},"end":{"line":615,"column":null}},"type":"if","locations":[{"start":{"line":613,"column":13},"end":{"line":615,"column":null}},{"start":{},"end":{}}],"line":613},"57":{"loc":{"start":{"line":619,"column":16},"end":{"line":619,"column":null}},"type":"binary-expr","locations":[{"start":{"line":619,"column":16},"end":{"line":619,"column":32}},{"start":{"line":619,"column":36},"end":{"line":619,"column":null}}],"line":619}},"s":{"0":1,"1":1,"2":6,"3":6,"4":2,"5":1,"6":1,"7":1,"8":1,"9":1,"10":75,"11":20,"12":20,"13":16,"14":68,"15":36,"16":32,"17":68,"18":38,"19":68,"20":6,"21":6,"22":21,"23":6,"24":15,"25":21,"26":18,"27":13,"28":0,"29":1,"30":17,"31":6,"32":3,"33":8,"34":0,"35":7,"36":7,"37":4,"38":0,"39":0,"40":6,"41":6,"42":6,"43":6,"44":6,"45":6,"46":5,"47":1,"48":1,"49":1,"50":1,"51":1,"52":0,"53":0,"54":0,"55":0,"56":0,"57":0,"58":0,"59":0,"60":12,"61":3,"62":9,"63":2,"64":7,"65":1,"66":6,"67":2,"68":4,"69":2,"70":2,"71":6,"72":0,"73":21,"74":7,"75":14,"76":14,"77":14,"78":6,"79":8,"80":21,"81":9,"82":21,"83":4,"84":4,"85":4,"86":0,"87":0,"88":0,"89":0,"90":0,"91":0,"92":0,"93":0,"94":0,"95":0,"96":0,"97":0,"98":0,"99":0,"100":0,"101":25,"102":1,"103":24,"104":18,"105":6,"106":0,"107":0,"108":3,"109":3,"110":18,"111":3,"112":15,"113":15,"114":14,"115":14,"116":14,"117":14,"118":4,"119":10,"120":2,"121":14,"122":3},"f":{"0":6,"1":2,"2":75,"3":20,"4":16,"5":68,"6":38,"7":6,"8":21,"9":18,"10":13,"11":0,"12":17,"13":7,"14":4,"15":0,"16":6,"17":6,"18":6,"19":6,"20":6,"21":5,"22":0,"23":12,"24":6,"25":0,"26":21,"27":9,"28":0,"29":0,"30":25,"31":0,"32":3},"b":{"0":[2],"1":[1,1],"2":[20,0],"3":[36,32],"4":[32,0],"5":[68,11],"6":[5,1],"7":[6,15],"8":[15,0],"9":[3,6,3,4,6,8,0],"10":[7,3],"11":[0,0],"12":[6,5,4],"13":[6,5,4],"14":[6,5],"15":[6,5],"16":[1,1,1,1,1,0],"17":[0,0,0,0,0,0],"18":[12],"19":[3,9],"20":[12,3],"21":[1,2],"22":[2,7],"23":[9,3],"24":[0,2],"25":[1,6],"26":[7,1],"27":[0,1],"28":[2,4],"29":[6,2],"30":[0,2],"31":[2,2],"32":[4,2],"33":[0,2],"34":[0,2],"35":[0,2],"36":[0],"37":[0,0],"38":[7,14],"39":[6,8],"40":[8,0],"41":[4,17],"42":[21,4],"43":[4,0],"44":[0,0],"45":[0,0],"46":[0,0],"47":[0,0],"48":[0,0],"49":[0,0],"50":[1,24],"51":[18,6],"52":[0,0],"53":[3,15],"54":[14,1],"55":[4,10],"56":[2,8],"57":[14,0]},"meta":{"lastBranch":58,"lastFunction":33,"lastStatement":123,"seen":{"s:9:30:16:Infinity":0,"s:25:58:25:Infinity":1,"f:31:16:31:Infinity":0,"s:35:46:35:Infinity":2,"s:36:2:39:Infinity":3,"f:45:16:45:37":1,"b:45:57:45:61":0,"s:49:2:57:Infinity":4,"b:50:6:53:Infinity:54:6:57:Infinity":1,"s:61:73:68:Infinity":5,"s:71:76:78:Infinity":6,"s:81:79:88:Infinity":7,"s:90:82:97:Infinity":8,"s:109:73:127:Infinity":9,"f:132:16:132:31":2,"s:133:2:133:Infinity":10,"f:139:16:139:Infinity":3,"s:143:16:143:50":11,"b:143:16:143:44:143:48:143:50":2,"s:144:2:144:Infinity":12,"f:144:20:144:28":4,"s:144:28:144:Infinity":13,"f:150:16:150:Infinity":5,"b:156:2:156:Infinity:undefined:undefined:undefined:undefined":3,"s:156:2:156:Infinity":14,"s:156:22:156:Infinity":15,"s:158:16:158:50":16,"b:158:16:158:44:158:48:158:50":4,"s:159:23:159:Infinity":17,"f:159:34:159:42":6,"s:159:42:159:Infinity":18,"s:160:2:160:Infinity":19,"b:160:9:160:69:160:69:160:Infinity":5,"f:167:16:167:Infinity":7,"s:171:18:171:Infinity":20,"s:172:2:172:Infinity":21,"b:172:30:172:40:172:43:172:Infinity":6,"f:179:16:179:Infinity":8,"b:183:2:183:Infinity:undefined:undefined:undefined:undefined":7,"s:183:2:183:Infinity":22,"s:183:22:183:Infinity":23,"s:185:16:185:53":24,"b:185:16:185:47:185:51:185:53":8,"s:186:2:188:Infinity":25,"f:187:12:187:20":9,"s:187:20:187:Infinity":26,"f:188:9:188:17":10,"s:188:17:188:24":27,"f:194:16:194:Infinity":11,"s:198:2:198:Infinity":28,"s:202:37:211:Infinity":29,"f:228:16:228:38":12,"b:230:4:230:Infinity:231:4:235:Infinity:236:4:241:Infinity:242:4:242:Infinity:243:4:243:Infinity:244:4:249:Infinity:250:4:255:Infinity":9,"s:229:2:256:Infinity":30,"s:232:6:235:Infinity":31,"s:237:6:241:Infinity":32,"s:245:6:249:Infinity":33,"s:251:6:255:Infinity":34,"f:262:16:262:32":13,"s:263:16:263:Infinity":35,"s:264:2:264:Infinity":36,"b:264:9:264:39:264:39:264:Infinity":10,"f:270:16:270:41":14,"s:271:2:271:Infinity":37,"f:277:16:277:38":15,"s:278:16:278:Infinity":38,"s:279:2:279:Infinity":39,"b:279:9:279:28:279:32:279:Infinity":11,"f:286:16:286:33":16,"s:287:2:287:Infinity":40,"b:287:9:287:31:287:31:287:56:287:56:287:Infinity":12,"f:293:16:293:32":17,"s:294:2:294:Infinity":41,"b:294:9:294:35:294:35:294:59:294:59:294:Infinity":13,"f:300:16:300:28":18,"s:301:16:301:Infinity":42,"s:302:2:302:Infinity":43,"f:309:16:309:37":19,"s:310:2:310:Infinity":44,"b:310:9:310:40:310:40:310:Infinity":14,"f:316:16:316:36":20,"s:317:2:317:Infinity":45,"b:317:9:317:33:317:33:317:Infinity":15,"f:323:16:323:41":21,"b:325:4:326:Infinity:327:4:328:Infinity:329:4:330:Infinity:331:4:332:Infinity:333:4:334:Infinity:335:4:336:Infinity":16,"s:324:2:337:Infinity":46,"s:326:6:326:Infinity":47,"s:328:6:328:Infinity":48,"s:330:6:330:Infinity":49,"s:332:6:332:Infinity":50,"s:334:6:334:Infinity":51,"s:336:6:336:Infinity":52,"f:340:16:340:43":22,"b:342:4:343:Infinity:344:4:345:Infinity:346:4:347:Infinity:348:4:349:Infinity:350:4:351:Infinity:352:4:353:Infinity":17,"s:341:2:354:Infinity":53,"s:343:6:343:Infinity":54,"s:345:6:345:Infinity":55,"s:347:6:347:Infinity":56,"s:349:6:349:Infinity":57,"s:351:6:351:Infinity":58,"s:353:6:353:Infinity":59,"f:371:16:371:Infinity":23,"b:374:22:374:26":18,"b:377:2:389:Infinity:undefined:undefined:undefined:undefined":19,"s:377:2:389:Infinity":60,"b:377:6:377:41:377:41:377:67":20,"s:378:4:388:Infinity":61,"b:378:27:383:8:383:8:388:Infinity":21,"b:392:2:404:Infinity:undefined:undefined:undefined:undefined":22,"s:392:2:404:Infinity":62,"b:392:6:392:36:392:36:392:60":23,"s:393:4:403:Infinity":63,"b:393:27:398:8:398:8:403:Infinity":24,"b:407:2:419:Infinity:undefined:undefined:undefined:undefined":25,"s:407:2:419:Infinity":64,"b:407:6:407:36:407:36:407:59":26,"s:408:4:418:Infinity":65,"b:408:27:413:8:413:8:418:Infinity":27,"b:422:2:434:Infinity:undefined:undefined:undefined:undefined":28,"s:422:2:434:Infinity":66,"b:422:6:422:34:422:34:422:57":29,"s:423:4:433:Infinity":67,"b:423:27:428:8:428:8:433:Infinity":30,"b:437:2:449:Infinity:undefined:undefined:undefined:undefined":31,"s:437:2:449:Infinity":68,"b:437:6:437:35:437:35:437:66":32,"s:438:4:448:Infinity":69,"b:438:27:443:8:443:8:448:Infinity":33,"s:452:2:457:Infinity":70,"b:453:27:453:47:453:47:453:Infinity":34,"b:454:29:454:80:454:80:454:Infinity":35,"f:463:16:463:Infinity":24,"s:467:2:467:Infinity":71,"f:473:16:473:44":25,"b:473:64:473:68":36,"s:477:2:479:Infinity":72,"b:478:6:478:Infinity:479:6:479:Infinity":37,"f:485:16:485:Infinity":26,"b:490:2:492:Infinity:undefined:undefined:undefined:undefined":38,"s:490:2:492:Infinity":73,"s:491:4:491:Infinity":74,"s:494:23:494:Infinity":75,"s:495:22:495:Infinity":76,"b:498:2:500:Infinity:undefined:undefined:undefined:undefined":39,"s:498:2:500:Infinity":77,"s:499:4:499:Infinity":78,"s:503:16:503:53":79,"b:503:16:503:47:503:51:503:53":40,"s:504:23:504:Infinity":80,"f:504:34:504:42":27,"s:504:42:504:Infinity":81,"b:506:2:508:Infinity:undefined:undefined:undefined:undefined":41,"s:506:2:508:Infinity":82,"b:506:6:506:22:506:22:506:80":42,"s:507:4:507:Infinity":83,"b:511:2:513:Infinity:undefined:undefined:undefined:undefined":43,"s:511:2:513:Infinity":84,"s:512:4:512:Infinity":85,"s:515:2:515:Infinity":86,"f:518:16:518:Infinity":28,"b:523:2:525:Infinity:undefined:undefined:undefined:undefined":44,"s:523:2:525:Infinity":87,"s:524:4:524:Infinity":88,"s:527:23:527:Infinity":89,"s:528:22:528:Infinity":90,"b:530:2:532:Infinity:undefined:undefined:undefined:undefined":45,"s:530:2:532:Infinity":91,"s:531:4:531:Infinity":92,"s:534:16:534:53":93,"b:534:16:534:47:534:51:534:53":46,"s:535:23:535:Infinity":94,"f:535:34:535:42":29,"s:535:42:535:Infinity":95,"b:537:2:539:Infinity:undefined:undefined:undefined:undefined":47,"s:537:2:539:Infinity":96,"b:537:6:537:22:537:22:537:80":48,"s:538:4:538:Infinity":97,"b:541:2:543:Infinity:undefined:undefined:undefined:undefined":49,"s:541:2:543:Infinity":98,"s:542:4:542:Infinity":99,"s:545:2:545:Infinity":100,"f:551:16:551:Infinity":30,"b:556:2:558:Infinity:undefined:undefined:undefined:undefined":50,"s:556:2:558:Infinity":101,"s:557:4:557:Infinity":102,"b:560:2:565:Infinity:undefined:undefined:undefined:undefined":51,"s:560:2:565:Infinity":103,"s:561:4:564:Infinity":104,"s:567:2:567:Infinity":105,"f:574:16:574:Infinity":31,"s:579:17:579:Infinity":106,"s:580:2:583:Infinity":107,"b:582:30:582:42:582:42:582:Infinity":52,"f:590:16:590:Infinity":32,"s:598:120:598:122":108,"s:600:2:623:Infinity":109,"b:601:4:601:Infinity:undefined:undefined:undefined:undefined":53,"s:601:4:601:Infinity":110,"s:601:34:601:Infinity":111,"s:603:23:603:Infinity":112,"b:604:4:622:Infinity:undefined:undefined:undefined:undefined":54,"s:604:4:622:Infinity":113,"s:605:54:605:Infinity":114,"s:608:26:608:Infinity":115,"s:609:27:609:Infinity":116,"b:611:6:615:Infinity:613:13:615:Infinity":55,"s:611:6:615:Infinity":117,"s:612:8:612:Infinity":118,"b:613:13:615:Infinity:undefined:undefined:undefined:undefined":56,"s:613:13:615:Infinity":119,"s:614:8:614:Infinity":120,"s:617:6:621:Infinity":121,"b:619:16:619:32:619:36:619:Infinity":57,"s:625:2:625:Infinity":122}}}
,"/Users/arshidintokhtamov/Desktop/TURAN Standart Pool copy/turankz/src/lib/matching-window.ts": {"path":"/Users/arshidintokhtamov/Desktop/TURAN Standart Pool copy/turankz/src/lib/matching-window.ts","statementMap":{"0":{"start":{"line":11,"column":40},"end":{"line":16,"column":null}},"1":{"start":{"line":39,"column":83},"end":{"line":44,"column":null}},"2":{"start":{"line":46,"column":86},"end":{"line":51,"column":null}},"3":{"start":{"line":54,"column":89},"end":{"line":59,"column":null}},"4":{"start":{"line":61,"column":92},"end":{"line":66,"column":null}},"5":{"start":{"line":73,"column":5},"end":{"line":94,"column":null}},"6":{"start":{"line":102,"column":66},"end":{"line":106,"column":null}},"7":{"start":{"line":115,"column":2},"end":{"line":116,"column":null}},"8":{"start":{"line":116,"column":9},"end":{"line":116,"column":null}},"9":{"start":{"line":126,"column":2},"end":{"line":128,"column":null}},"10":{"start":{"line":127,"column":17},"end":{"line":127,"column":null}},"11":{"start":{"line":128,"column":14},"end":{"line":128,"column":18}},"12":{"start":{"line":135,"column":2},"end":{"line":135,"column":null}},"13":{"start":{"line":145,"column":2},"end":{"line":147,"column":null}},"14":{"start":{"line":157,"column":2},"end":{"line":159,"column":null}},"15":{"start":{"line":171,"column":14},"end":{"line":171,"column":null}},"16":{"start":{"line":172,"column":16},"end":{"line":172,"column":null}},"17":{"start":{"line":173,"column":15},"end":{"line":173,"column":null}},"18":{"start":{"line":174,"column":16},"end":{"line":174,"column":null}},"19":{"start":{"line":177,"column":2},"end":{"line":177,"column":null}},"20":{"start":{"line":178,"column":2},"end":{"line":178,"column":null}},"21":{"start":{"line":179,"column":2},"end":{"line":179,"column":null}},"22":{"start":{"line":181,"column":2},"end":{"line":183,"column":null}},"23":{"start":{"line":182,"column":4},"end":{"line":182,"column":null}},"24":{"start":{"line":185,"column":2},"end":{"line":187,"column":null}},"25":{"start":{"line":186,"column":4},"end":{"line":186,"column":null}},"26":{"start":{"line":189,"column":2},"end":{"line":191,"column":null}},"27":{"start":{"line":190,"column":4},"end":{"line":190,"column":null}},"28":{"start":{"line":193,"column":2},"end":{"line":193,"column":null}},"29":{"start":{"line":200,"column":2},"end":{"line":203,"column":null}},"30":{"start":{"line":211,"column":2},"end":{"line":211,"column":null}},"31":{"start":{"line":218,"column":2},"end":{"line":218,"column":null}},"32":{"start":{"line":228,"column":17},"end":{"line":232,"column":null}},"33":{"start":{"line":233,"column":2},"end":{"line":233,"column":null}},"34":{"start":{"line":243,"column":2},"end":{"line":262,"column":null}},"35":{"start":{"line":245,"column":6},"end":{"line":247,"column":null}},"36":{"start":{"line":249,"column":6},"end":{"line":251,"column":null}},"37":{"start":{"line":253,"column":6},"end":{"line":255,"column":null}},"38":{"start":{"line":257,"column":6},"end":{"line":259,"column":null}},"39":{"start":{"line":261,"column":6},"end":{"line":261,"column":null}},"40":{"start":{"line":287,"column":14},"end":{"line":287,"column":null}},"41":{"start":{"line":288,"column":17},"end":{"line":288,"column":null}},"42":{"start":{"line":291,"column":2},"end":{"line":291,"column":null}},"43":{"start":{"line":293,"column":17},"end":{"line":293,"column":null}},"44":{"start":{"line":294,"column":20},"end":{"line":294,"column":null}},"45":{"start":{"line":296,"column":2},"end":{"line":306,"column":null}},"46":{"start":{"line":297,"column":4},"end":{"line":305,"column":null}},"47":{"start":{"line":308,"column":23},"end":{"line":308,"column":null}},"48":{"start":{"line":309,"column":21},"end":{"line":309,"column":null}},"49":{"start":{"line":310,"column":15},"end":{"line":310,"column":null}},"50":{"start":{"line":311,"column":16},"end":{"line":311,"column":null}},"51":{"start":{"line":312,"column":18},"end":{"line":312,"column":null}},"52":{"start":{"line":316,"column":2},"end":{"line":328,"column":null}},"53":{"start":{"line":317,"column":4},"end":{"line":319,"column":null}},"54":{"start":{"line":320,"column":9},"end":{"line":328,"column":null}},"55":{"start":{"line":321,"column":4},"end":{"line":323,"column":null}},"56":{"start":{"line":325,"column":4},"end":{"line":327,"column":null}},"57":{"start":{"line":332,"column":2},"end":{"line":348,"column":null}},"58":{"start":{"line":333,"column":4},"end":{"line":339,"column":null}},"59":{"start":{"line":334,"column":6},"end":{"line":334,"column":null}},"60":{"start":{"line":335,"column":11},"end":{"line":339,"column":null}},"61":{"start":{"line":336,"column":6},"end":{"line":336,"column":null}},"62":{"start":{"line":338,"column":6},"end":{"line":338,"column":null}},"63":{"start":{"line":341,"column":4},"end":{"line":347,"column":null}},"64":{"start":{"line":342,"column":6},"end":{"line":342,"column":null}},"65":{"start":{"line":343,"column":11},"end":{"line":347,"column":null}},"66":{"start":{"line":344,"column":6},"end":{"line":344,"column":null}},"67":{"start":{"line":346,"column":6},"end":{"line":346,"column":null}},"68":{"start":{"line":350,"column":2},"end":{"line":358,"column":null}},"69":{"start":{"line":363,"column":2},"end":{"line":363,"column":null}},"70":{"start":{"line":363,"column":21},"end":{"line":363,"column":null}},"71":{"start":{"line":364,"column":16},"end":{"line":364,"column":null}},"72":{"start":{"line":365,"column":17},"end":{"line":365,"column":null}},"73":{"start":{"line":366,"column":2},"end":{"line":366,"column":null}},"74":{"start":{"line":366,"column":36},"end":{"line":366,"column":null}},"75":{"start":{"line":367,"column":2},"end":{"line":367,"column":null}},"76":{"start":{"line":367,"column":65},"end":{"line":367,"column":null}},"77":{"start":{"line":368,"column":2},"end":{"line":368,"column":null}},"78":{"start":{"line":372,"column":2},"end":{"line":372,"column":null}},"79":{"start":{"line":372,"column":21},"end":{"line":372,"column":null}},"80":{"start":{"line":373,"column":16},"end":{"line":373,"column":null}},"81":{"start":{"line":374,"column":17},"end":{"line":374,"column":null}},"82":{"start":{"line":375,"column":2},"end":{"line":375,"column":null}},"83":{"start":{"line":375,"column":36},"end":{"line":375,"column":null}},"84":{"start":{"line":376,"column":2},"end":{"line":376,"column":null}},"85":{"start":{"line":376,"column":65},"end":{"line":376,"column":null}},"86":{"start":{"line":377,"column":2},"end":{"line":377,"column":null}},"87":{"start":{"line":381,"column":2},"end":{"line":381,"column":null}},"88":{"start":{"line":381,"column":21},"end":{"line":381,"column":null}},"89":{"start":{"line":382,"column":16},"end":{"line":382,"column":null}},"90":{"start":{"line":383,"column":17},"end":{"line":383,"column":null}},"91":{"start":{"line":384,"column":2},"end":{"line":384,"column":null}},"92":{"start":{"line":384,"column":36},"end":{"line":384,"column":null}},"93":{"start":{"line":385,"column":2},"end":{"line":385,"column":null}},"94":{"start":{"line":385,"column":65},"end":{"line":385,"column":null}},"95":{"start":{"line":386,"column":2},"end":{"line":386,"column":null}},"96":{"start":{"line":397,"column":2},"end":{"line":411,"column":null}},"97":{"start":{"line":398,"column":4},"end":{"line":402,"column":null}},"98":{"start":{"line":399,"column":6},"end":{"line":401,"column":null}},"99":{"start":{"line":403,"column":4},"end":{"line":407,"column":null}},"100":{"start":{"line":404,"column":6},"end":{"line":406,"column":null}},"101":{"start":{"line":408,"column":4},"end":{"line":410,"column":null}},"102":{"start":{"line":413,"column":2},"end":{"line":417,"column":null}},"103":{"start":{"line":414,"column":4},"end":{"line":416,"column":null}},"104":{"start":{"line":419,"column":2},"end":{"line":423,"column":null}},"105":{"start":{"line":420,"column":4},"end":{"line":422,"column":null}},"106":{"start":{"line":425,"column":2},"end":{"line":425,"column":null}},"107":{"start":{"line":434,"column":2},"end":{"line":434,"column":null}},"108":{"start":{"line":434,"column":27},"end":{"line":434,"column":null}},"109":{"start":{"line":435,"column":2},"end":{"line":435,"column":null}},"110":{"start":{"line":435,"column":51},"end":{"line":435,"column":null}},"111":{"start":{"line":436,"column":2},"end":{"line":436,"column":null}},"112":{"start":{"line":436,"column":52},"end":{"line":436,"column":null}},"113":{"start":{"line":437,"column":2},"end":{"line":437,"column":null}}},"fnMap":{"0":{"name":"isWindowTransitionAllowed","decl":{"start":{"line":111,"column":16},"end":{"line":111,"column":null}},"loc":{"start":{"line":113,"column":32},"end":{"line":118,"column":null}},"line":113},"1":{"name":"(anonymous_1)","decl":{"start":{"line":116,"column":4},"end":{"line":116,"column":9}},"loc":{"start":{"line":116,"column":9},"end":{"line":116,"column":null}},"line":116},"2":{"name":"getAllowedWindowTransitions","decl":{"start":{"line":123,"column":16},"end":{"line":123,"column":null}},"loc":{"start":{"line":124,"column":37},"end":{"line":129,"column":null}},"line":124},"3":{"name":"(anonymous_3)","decl":{"start":{"line":127,"column":12},"end":{"line":127,"column":17}},"loc":{"start":{"line":127,"column":17},"end":{"line":127,"column":null}},"line":127},"4":{"name":"(anonymous_4)","decl":{"start":{"line":128,"column":9},"end":{"line":128,"column":14}},"loc":{"start":{"line":128,"column":14},"end":{"line":128,"column":18}},"line":128},"5":{"name":"getWindowStatusIndex","decl":{"start":{"line":134,"column":16},"end":{"line":134,"column":37}},"loc":{"start":{"line":134,"column":65},"end":{"line":136,"column":null}},"line":134},"6":{"name":"getWindowStatusLabel","decl":{"start":{"line":141,"column":16},"end":{"line":141,"column":null}},"loc":{"start":{"line":143,"column":26},"end":{"line":148,"column":null}},"line":143},"7":{"name":"getWindowStatusDescription","decl":{"start":{"line":153,"column":16},"end":{"line":153,"column":null}},"loc":{"start":{"line":155,"column":26},"end":{"line":160,"column":null}},"line":155},"8":{"name":"computeEffectiveWindowStatus","decl":{"start":{"line":166,"column":16},"end":{"line":166,"column":null}},"loc":{"start":{"line":169,"column":19},"end":{"line":194,"column":null}},"line":169},"9":{"name":"getEffectiveWindowStatus","decl":{"start":{"line":199,"column":16},"end":{"line":199,"column":41}},"loc":{"start":{"line":199,"column":63},"end":{"line":205,"column":null}},"line":199},"10":{"name":"canCommitBatches","decl":{"start":{"line":210,"column":16},"end":{"line":210,"column":33}},"loc":{"start":{"line":210,"column":61},"end":{"line":212,"column":null}},"line":210},"11":{"name":"canPerformMatching","decl":{"start":{"line":217,"column":16},"end":{"line":217,"column":35}},"loc":{"start":{"line":217,"column":63},"end":{"line":219,"column":null}},"line":217},"12":{"name":"getWindowTransitionLabel","decl":{"start":{"line":224,"column":16},"end":{"line":224,"column":null}},"loc":{"start":{"line":226,"column":26},"end":{"line":234,"column":null}},"line":226},"13":{"name":"getWindowBannerInfo","decl":{"start":{"line":239,"column":16},"end":{"line":239,"column":null}},"loc":{"start":{"line":241,"column":26},"end":{"line":263,"column":null}},"line":241},"14":{"name":"calculateCountdown","decl":{"start":{"line":283,"column":16},"end":{"line":283,"column":null}},"loc":{"start":{"line":285,"column":26},"end":{"line":359,"column":null}},"line":285},"15":{"name":"getDaysWord","decl":{"start":{"line":362,"column":9},"end":{"line":362,"column":21}},"loc":{"start":{"line":362,"column":49},"end":{"line":369,"column":null}},"line":362},"16":{"name":"getHoursWord","decl":{"start":{"line":371,"column":9},"end":{"line":371,"column":22}},"loc":{"start":{"line":371,"column":50},"end":{"line":378,"column":null}},"line":371},"17":{"name":"getMinutesWord","decl":{"start":{"line":380,"column":9},"end":{"line":380,"column":24}},"loc":{"start":{"line":380,"column":52},"end":{"line":387,"column":null}},"line":380},"18":{"name":"getContextualWindowMessage","decl":{"start":{"line":392,"column":16},"end":{"line":392,"column":null}},"loc":{"start":{"line":395,"column":26},"end":{"line":426,"column":null}},"line":395},"19":{"name":"getCountdownUrgency","decl":{"start":{"line":431,"column":16},"end":{"line":431,"column":null}},"loc":{"start":{"line":432,"column":28},"end":{"line":438,"column":null}},"line":432}},"branchMap":{"0":{"loc":{"start":{"line":116,"column":9},"end":{"line":116,"column":null}},"type":"binary-expr","locations":[{"start":{"line":116,"column":9},"end":{"line":116,"column":34}},{"start":{"line":116,"column":34},"end":{"line":116,"column":null}}],"line":116},"1":{"loc":{"start":{"line":143,"column":2},"end":{"line":143,"column":26}},"type":"default-arg","locations":[{"start":{"line":143,"column":22},"end":{"line":143,"column":26}}],"line":143},"2":{"loc":{"start":{"line":145,"column":9},"end":{"line":147,"column":43}},"type":"cond-expr","locations":[{"start":{"line":146,"column":6},"end":{"line":146,"column":46}},{"start":{"line":147,"column":6},"end":{"line":147,"column":43}}],"line":145},"3":{"loc":{"start":{"line":155,"column":2},"end":{"line":155,"column":26}},"type":"default-arg","locations":[{"start":{"line":155,"column":22},"end":{"line":155,"column":26}}],"line":155},"4":{"loc":{"start":{"line":157,"column":9},"end":{"line":159,"column":49}},"type":"cond-expr","locations":[{"start":{"line":158,"column":6},"end":{"line":158,"column":52}},{"start":{"line":159,"column":6},"end":{"line":159,"column":49}}],"line":157},"5":{"loc":{"start":{"line":181,"column":2},"end":{"line":183,"column":null}},"type":"if","locations":[{"start":{"line":181,"column":2},"end":{"line":183,"column":null}},{"start":{},"end":{}}],"line":181},"6":{"loc":{"start":{"line":185,"column":2},"end":{"line":187,"column":null}},"type":"if","locations":[{"start":{"line":185,"column":2},"end":{"line":187,"column":null}},{"start":{},"end":{}}],"line":185},"7":{"loc":{"start":{"line":189,"column":2},"end":{"line":191,"column":null}},"type":"if","locations":[{"start":{"line":189,"column":2},"end":{"line":191,"column":null}},{"start":{},"end":{}}],"line":189},"8":{"loc":{"start":{"line":218,"column":9},"end":{"line":218,"column":null}},"type":"binary-expr","locations":[{"start":{"line":218,"column":9},"end":{"line":218,"column":32}},{"start":{"line":218,"column":32},"end":{"line":218,"column":null}}],"line":218},"9":{"loc":{"start":{"line":226,"column":2},"end":{"line":226,"column":26}},"type":"default-arg","locations":[{"start":{"line":226,"column":22},"end":{"line":226,"column":26}}],"line":226},"10":{"loc":{"start":{"line":229,"column":12},"end":{"line":229,"column":null}},"type":"cond-expr","locations":[{"start":{"line":229,"column":28},"end":{"line":229,"column":45}},{"start":{"line":229,"column":45},"end":{"line":229,"column":null}}],"line":229},"11":{"loc":{"start":{"line":230,"column":12},"end":{"line":230,"column":null}},"type":"cond-expr","locations":[{"start":{"line":230,"column":28},"end":{"line":230,"column":51}},{"start":{"line":230,"column":51},"end":{"line":230,"column":null}}],"line":230},"12":{"loc":{"start":{"line":231,"column":12},"end":{"line":231,"column":null}},"type":"cond-expr","locations":[{"start":{"line":231,"column":28},"end":{"line":231,"column":45}},{"start":{"line":231,"column":45},"end":{"line":231,"column":null}}],"line":231},"13":{"loc":{"start":{"line":233,"column":9},"end":{"line":233,"column":null}},"type":"binary-expr","locations":[{"start":{"line":233,"column":9},"end":{"line":233,"column":25}},{"start":{"line":233,"column":30},"end":{"line":233,"column":80}}],"line":233},"14":{"loc":{"start":{"line":233,"column":30},"end":{"line":233,"column":80}},"type":"cond-expr","locations":[{"start":{"line":233,"column":46},"end":{"line":233,"column":66}},{"start":{"line":233,"column":66},"end":{"line":233,"column":80}}],"line":233},"15":{"loc":{"start":{"line":241,"column":2},"end":{"line":241,"column":26}},"type":"default-arg","locations":[{"start":{"line":241,"column":22},"end":{"line":241,"column":26}}],"line":241},"16":{"loc":{"start":{"line":243,"column":2},"end":{"line":262,"column":null}},"type":"switch","locations":[{"start":{"line":244,"column":4},"end":{"line":247,"column":null}},{"start":{"line":248,"column":4},"end":{"line":251,"column":null}},{"start":{"line":252,"column":4},"end":{"line":255,"column":null}},{"start":{"line":256,"column":4},"end":{"line":259,"column":null}},{"start":{"line":260,"column":4},"end":{"line":261,"column":null}}],"line":243},"17":{"loc":{"start":{"line":245,"column":13},"end":{"line":247,"column":null}},"type":"cond-expr","locations":[{"start":{"line":246,"column":10},"end":{"line":246,"column":null}},{"start":{"line":247,"column":10},"end":{"line":247,"column":null}}],"line":245},"18":{"loc":{"start":{"line":249,"column":13},"end":{"line":251,"column":null}},"type":"cond-expr","locations":[{"start":{"line":250,"column":10},"end":{"line":250,"column":null}},{"start":{"line":251,"column":10},"end":{"line":251,"column":null}}],"line":249},"19":{"loc":{"start":{"line":253,"column":13},"end":{"line":255,"column":null}},"type":"cond-expr","locations":[{"start":{"line":254,"column":10},"end":{"line":254,"column":null}},{"start":{"line":255,"column":10},"end":{"line":255,"column":null}}],"line":253},"20":{"loc":{"start":{"line":257,"column":13},"end":{"line":259,"column":null}},"type":"cond-expr","locations":[{"start":{"line":258,"column":10},"end":{"line":258,"column":null}},{"start":{"line":259,"column":10},"end":{"line":259,"column":null}}],"line":257},"21":{"loc":{"start":{"line":285,"column":2},"end":{"line":285,"column":26}},"type":"default-arg","locations":[{"start":{"line":285,"column":22},"end":{"line":285,"column":26}}],"line":285},"22":{"loc":{"start":{"line":296,"column":2},"end":{"line":306,"column":null}},"type":"if","locations":[{"start":{"line":296,"column":2},"end":{"line":306,"column":null}},{"start":{},"end":{}}],"line":296},"23":{"loc":{"start":{"line":303,"column":22},"end":{"line":303,"column":null}},"type":"cond-expr","locations":[{"start":{"line":303,"column":38},"end":{"line":303,"column":50}},{"start":{"line":303,"column":50},"end":{"line":303,"column":null}}],"line":303},"24":{"loc":{"start":{"line":304,"column":21},"end":{"line":304,"column":null}},"type":"cond-expr","locations":[{"start":{"line":304,"column":37},"end":{"line":304,"column":52}},{"start":{"line":304,"column":52},"end":{"line":304,"column":null}}],"line":304},"25":{"loc":{"start":{"line":316,"column":2},"end":{"line":328,"column":null}},"type":"if","locations":[{"start":{"line":316,"column":2},"end":{"line":328,"column":null}},{"start":{"line":320,"column":9},"end":{"line":328,"column":null}}],"line":316},"26":{"loc":{"start":{"line":317,"column":21},"end":{"line":319,"column":28}},"type":"cond-expr","locations":[{"start":{"line":318,"column":8},"end":{"line":318,"column":28}},{"start":{"line":319,"column":8},"end":{"line":319,"column":28}}],"line":317},"27":{"loc":{"start":{"line":320,"column":9},"end":{"line":328,"column":null}},"type":"if","locations":[{"start":{"line":320,"column":9},"end":{"line":328,"column":null}},{"start":{"line":324,"column":9},"end":{"line":328,"column":null}}],"line":320},"28":{"loc":{"start":{"line":321,"column":21},"end":{"line":323,"column":31}},"type":"cond-expr","locations":[{"start":{"line":322,"column":8},"end":{"line":322,"column":31}},{"start":{"line":323,"column":8},"end":{"line":323,"column":31}}],"line":321},"29":{"loc":{"start":{"line":325,"column":21},"end":{"line":327,"column":21}},"type":"cond-expr","locations":[{"start":{"line":326,"column":8},"end":{"line":326,"column":21}},{"start":{"line":327,"column":8},"end":{"line":327,"column":21}}],"line":325},"30":{"loc":{"start":{"line":332,"column":2},"end":{"line":348,"column":null}},"type":"if","locations":[{"start":{"line":332,"column":2},"end":{"line":348,"column":null}},{"start":{"line":340,"column":9},"end":{"line":348,"column":null}}],"line":332},"31":{"loc":{"start":{"line":333,"column":4},"end":{"line":339,"column":null}},"type":"if","locations":[{"start":{"line":333,"column":4},"end":{"line":339,"column":null}},{"start":{"line":335,"column":11},"end":{"line":339,"column":null}}],"line":333},"32":{"loc":{"start":{"line":335,"column":11},"end":{"line":339,"column":null}},"type":"if","locations":[{"start":{"line":335,"column":11},"end":{"line":339,"column":null}},{"start":{"line":337,"column":11},"end":{"line":339,"column":null}}],"line":335},"33":{"loc":{"start":{"line":341,"column":4},"end":{"line":347,"column":null}},"type":"if","locations":[{"start":{"line":341,"column":4},"end":{"line":347,"column":null}},{"start":{"line":343,"column":11},"end":{"line":347,"column":null}}],"line":341},"34":{"loc":{"start":{"line":342,"column":36},"end":{"line":342,"column":58}},"type":"cond-expr","locations":[{"start":{"line":342,"column":49},"end":{"line":342,"column":55}},{"start":{"line":342,"column":55},"end":{"line":342,"column":58}}],"line":342},"35":{"loc":{"start":{"line":342,"column":75},"end":{"line":342,"column":98}},"type":"cond-expr","locations":[{"start":{"line":342,"column":89},"end":{"line":342,"column":95}},{"start":{"line":342,"column":95},"end":{"line":342,"column":98}}],"line":342},"36":{"loc":{"start":{"line":343,"column":11},"end":{"line":347,"column":null}},"type":"if","locations":[{"start":{"line":343,"column":11},"end":{"line":347,"column":null}},{"start":{"line":345,"column":11},"end":{"line":347,"column":null}}],"line":343},"37":{"loc":{"start":{"line":344,"column":38},"end":{"line":344,"column":61}},"type":"cond-expr","locations":[{"start":{"line":344,"column":52},"end":{"line":344,"column":58}},{"start":{"line":344,"column":58},"end":{"line":344,"column":61}}],"line":344},"38":{"loc":{"start":{"line":344,"column":82},"end":{"line":344,"column":107}},"type":"cond-expr","locations":[{"start":{"line":344,"column":98},"end":{"line":344,"column":104}},{"start":{"line":344,"column":104},"end":{"line":344,"column":107}}],"line":344},"39":{"loc":{"start":{"line":346,"column":42},"end":{"line":346,"column":67}},"type":"cond-expr","locations":[{"start":{"line":346,"column":58},"end":{"line":346,"column":64}},{"start":{"line":346,"column":64},"end":{"line":346,"column":67}}],"line":346},"40":{"loc":{"start":{"line":363,"column":2},"end":{"line":363,"column":null}},"type":"if","locations":[{"start":{"line":363,"column":2},"end":{"line":363,"column":null}},{"start":{},"end":{}}],"line":363},"41":{"loc":{"start":{"line":363,"column":28},"end":{"line":363,"column":null}},"type":"cond-expr","locations":[{"start":{"line":363,"column":38},"end":{"line":363,"column":46}},{"start":{"line":363,"column":46},"end":{"line":363,"column":null}}],"line":363},"42":{"loc":{"start":{"line":366,"column":2},"end":{"line":366,"column":null}},"type":"if","locations":[{"start":{"line":366,"column":2},"end":{"line":366,"column":null}},{"start":{},"end":{}}],"line":366},"43":{"loc":{"start":{"line":366,"column":6},"end":{"line":366,"column":36}},"type":"binary-expr","locations":[{"start":{"line":366,"column":6},"end":{"line":366,"column":21}},{"start":{"line":366,"column":21},"end":{"line":366,"column":36}}],"line":366},"44":{"loc":{"start":{"line":367,"column":2},"end":{"line":367,"column":null}},"type":"if","locations":[{"start":{"line":367,"column":2},"end":{"line":367,"column":null}},{"start":{},"end":{}}],"line":367},"45":{"loc":{"start":{"line":367,"column":6},"end":{"line":367,"column":65}},"type":"binary-expr","locations":[{"start":{"line":367,"column":6},"end":{"line":367,"column":20}},{"start":{"line":367,"column":20},"end":{"line":367,"column":35}},{"start":{"line":367,"column":35},"end":{"line":367,"column":50}},{"start":{"line":367,"column":50},"end":{"line":367,"column":61}}],"line":367},"46":{"loc":{"start":{"line":372,"column":2},"end":{"line":372,"column":null}},"type":"if","locations":[{"start":{"line":372,"column":2},"end":{"line":372,"column":null}},{"start":{},"end":{}}],"line":372},"47":{"loc":{"start":{"line":372,"column":28},"end":{"line":372,"column":null}},"type":"cond-expr","locations":[{"start":{"line":372,"column":38},"end":{"line":372,"column":47}},{"start":{"line":372,"column":47},"end":{"line":372,"column":null}}],"line":372},"48":{"loc":{"start":{"line":375,"column":2},"end":{"line":375,"column":null}},"type":"if","locations":[{"start":{"line":375,"column":2},"end":{"line":375,"column":null}},{"start":{},"end":{}}],"line":375},"49":{"loc":{"start":{"line":375,"column":6},"end":{"line":375,"column":36}},"type":"binary-expr","locations":[{"start":{"line":375,"column":6},"end":{"line":375,"column":21}},{"start":{"line":375,"column":21},"end":{"line":375,"column":36}}],"line":375},"50":{"loc":{"start":{"line":376,"column":2},"end":{"line":376,"column":null}},"type":"if","locations":[{"start":{"line":376,"column":2},"end":{"line":376,"column":null}},{"start":{},"end":{}}],"line":376},"51":{"loc":{"start":{"line":376,"column":6},"end":{"line":376,"column":65}},"type":"binary-expr","locations":[{"start":{"line":376,"column":6},"end":{"line":376,"column":20}},{"start":{"line":376,"column":20},"end":{"line":376,"column":35}},{"start":{"line":376,"column":35},"end":{"line":376,"column":50}},{"start":{"line":376,"column":50},"end":{"line":376,"column":61}}],"line":376},"52":{"loc":{"start":{"line":381,"column":2},"end":{"line":381,"column":null}},"type":"if","locations":[{"start":{"line":381,"column":2},"end":{"line":381,"column":null}},{"start":{},"end":{}}],"line":381},"53":{"loc":{"start":{"line":381,"column":28},"end":{"line":381,"column":null}},"type":"cond-expr","locations":[{"start":{"line":381,"column":38},"end":{"line":381,"column":49}},{"start":{"line":381,"column":49},"end":{"line":381,"column":null}}],"line":381},"54":{"loc":{"start":{"line":384,"column":2},"end":{"line":384,"column":null}},"type":"if","locations":[{"start":{"line":384,"column":2},"end":{"line":384,"column":null}},{"start":{},"end":{}}],"line":384},"55":{"loc":{"start":{"line":384,"column":6},"end":{"line":384,"column":36}},"type":"binary-expr","locations":[{"start":{"line":384,"column":6},"end":{"line":384,"column":21}},{"start":{"line":384,"column":21},"end":{"line":384,"column":36}}],"line":384},"56":{"loc":{"start":{"line":385,"column":2},"end":{"line":385,"column":null}},"type":"if","locations":[{"start":{"line":385,"column":2},"end":{"line":385,"column":null}},{"start":{},"end":{}}],"line":385},"57":{"loc":{"start":{"line":385,"column":6},"end":{"line":385,"column":65}},"type":"binary-expr","locations":[{"start":{"line":385,"column":6},"end":{"line":385,"column":20}},{"start":{"line":385,"column":20},"end":{"line":385,"column":35}},{"start":{"line":385,"column":35},"end":{"line":385,"column":50}},{"start":{"line":385,"column":50},"end":{"line":385,"column":61}}],"line":385},"58":{"loc":{"start":{"line":395,"column":2},"end":{"line":395,"column":26}},"type":"default-arg","locations":[{"start":{"line":395,"column":22},"end":{"line":395,"column":26}}],"line":395},"59":{"loc":{"start":{"line":397,"column":2},"end":{"line":411,"column":null}},"type":"if","locations":[{"start":{"line":397,"column":2},"end":{"line":411,"column":null}},{"start":{},"end":{}}],"line":397},"60":{"loc":{"start":{"line":398,"column":4},"end":{"line":402,"column":null}},"type":"if","locations":[{"start":{"line":398,"column":4},"end":{"line":402,"column":null}},{"start":{},"end":{}}],"line":398},"61":{"loc":{"start":{"line":399,"column":13},"end":{"line":401,"column":null}},"type":"cond-expr","locations":
[...]
t":{"line":361,"column":2},"end":{"line":378,"column":null}},"type":"switch","locations":[{"start":{"line":362,"column":4},"end":{"line":363,"column":null}},{"start":{"line":364,"column":4},"end":{"line":365,"column":null}},{"start":{"line":366,"column":4},"end":{"line":367,"column":null}},{"start":{"line":368,"column":4},"end":{"line":369,"column":null}},{"start":{"line":370,"column":4},"end":{"line":371,"column":null}},{"start":{"line":372,"column":4},"end":{"line":373,"column":null}},{"start":{"line":374,"column":4},"end":{"line":375,"column":null}},{"start":{"line":376,"column":4},"end":{"line":377,"column":null}}],"line":361},"36":{"loc":{"start":{"line":390,"column":9},"end":{"line":390,"column":null}},"type":"binary-expr","locations":[{"start":{"line":390,"column":9},"end":{"line":390,"column":51}},{"start":{"line":390,"column":51},"end":{"line":390,"column":null}}],"line":390},"37":{"loc":{"start":{"line":413,"column":2},"end":{"line":422,"column":null}},"type":"if","locations":[{"start":{"line":413,"column":2},"end":{"line":422,"column":null}},{"start":{},"end":{}}],"line":413},"38":{"loc":{"start":{"line":430,"column":2},"end":{"line":439,"column":null}},"type":"if","locations":[{"start":{"line":430,"column":2},"end":{"line":439,"column":null}},{"start":{},"end":{}}],"line":430},"39":{"loc":{"start":{"line":441,"column":2},"end":{"line":450,"column":null}},"type":"if","locations":[{"start":{"line":441,"column":2},"end":{"line":450,"column":null}},{"start":{},"end":{}}],"line":441},"40":{"loc":{"start":{"line":441,"column":6},"end":{"line":441,"column":68}},"type":"binary-expr","locations":[{"start":{"line":441,"column":6},"end":{"line":441,"column":38}},{"start":{"line":441,"column":38},"end":{"line":441,"column":68}}],"line":441},"41":{"loc":{"start":{"line":453,"column":2},"end":{"line":462,"column":null}},"type":"if","locations":[{"start":{"line":453,"column":2},"end":{"line":462,"column":null}},{"start":{},"end":{}}],"line":453},"42":{"loc":{"start":{"line":480,"column":2},"end":{"line":480,"column":26}},"type":"default-arg","locations":[{"start":{"line":480,"column":22},"end":{"line":480,"column":26}}],"line":480},"43":{"loc":{"start":{"line":487,"column":2},"end":{"line":496,"column":null}},"type":"if","locations":[{"start":{"line":487,"column":2},"end":{"line":496,"column":null}},{"start":{},"end":{}}],"line":487},"44":{"loc":{"start":{"line":489,"column":13},"end":{"line":489,"column":null}},"type":"cond-expr","locations":[{"start":{"line":489,"column":29},"end":{"line":489,"column":46}},{"start":{"line":489,"column":46},"end":{"line":489,"column":null}}],"line":489},"45":{"loc":{"start":{"line":490,"column":15},"end":{"line":492,"column":null}},"type":"cond-expr","locations":[{"start":{"line":491,"column":10},"end":{"line":491,"column":null}},{"start":{"line":492,"column":10},"end":{"line":492,"column":null}}],"line":490},"46":{"loc":{"start":{"line":501,"column":2},"end":{"line":510,"column":null}},"type":"if","locations":[{"start":{"line":501,"column":2},"end":{"line":510,"column":null}},{"start":{},"end":{}}],"line":501},"47":{"loc":{"start":{"line":503,"column":13},"end":{"line":503,"column":null}},"type":"cond-expr","locations":[{"start":{"line":503,"column":29},"end":{"line":503,"column":50}},{"start":{"line":503,"column":50},"end":{"line":503,"column":null}}],"line":503},"48":{"loc":{"start":{"line":504,"column":15},"end":{"line":506,"column":67}},"type":"cond-expr","locations":[{"start":{"line":505,"column":10},"end":{"line":505,"column":68}},{"start":{"line":506,"column":10},"end":{"line":506,"column":67}}],"line":504},"49":{"loc":{"start":{"line":512,"column":2},"end":{"line":521,"column":null}},"type":"if","locations":[{"start":{"line":512,"column":2},"end":{"line":521,"column":null}},{"start":{},"end":{}}],"line":512},"50":{"loc":{"start":{"line":512,"column":6},"end":{"line":512,"column":71}},"type":"binary-expr","locations":[{"start":{"line":512,"column":6},"end":{"line":512,"column":29}},{"start":{"line":512,"column":29},"end":{"line":512,"column":52}},{"start":{"line":512,"column":52},"end":{"line":512,"column":71}}],"line":512},"51":{"loc":{"start":{"line":514,"column":13},"end":{"line":514,"column":null}},"type":"cond-expr","locations":[{"start":{"line":514,"column":29},"end":{"line":514,"column":54}},{"start":{"line":514,"column":54},"end":{"line":514,"column":null}}],"line":514},"52":{"loc":{"start":{"line":515,"column":15},"end":{"line":517,"column":null}},"type":"cond-expr","locations":[{"start":{"line":516,"column":10},"end":{"line":516,"column":null}},{"start":{"line":517,"column":10},"end":{"line":517,"column":null}}],"line":515},"53":{"loc":{"start":{"line":524,"column":2},"end":{"line":533,"column":null}},"type":"if","locations":[{"start":{"line":524,"column":2},"end":{"line":533,"column":null}},{"start":{},"end":{}}],"line":524},"54":{"loc":{"start":{"line":524,"column":6},"end":{"line":524,"column":51}},"type":"binary-expr","locations":[{"start":{"line":524,"column":6},"end":{"line":524,"column":30}},{"start":{"line":524,"column":30},"end":{"line":524,"column":51}}],"line":524},"55":{"loc":{"start":{"line":526,"column":13},"end":{"line":526,"column":null}},"type":"cond-expr","locations":[{"start":{"line":526,"column":29},"end":{"line":526,"column":41}},{"start":{"line":526,"column":41},"end":{"line":526,"column":null}}],"line":526},"56":{"loc":{"start":{"line":527,"column":15},"end":{"line":529,"column":64}},"type":"cond-expr","locations":[{"start":{"line":528,"column":10},"end":{"line":528,"column":67}},{"start":{"line":529,"column":10},"end":{"line":529,"column":64}}],"line":527},"57":{"loc":{"start":{"line":535,"column":2},"end":{"line":544,"column":null}},"type":"if","locations":[{"start":{"line":535,"column":2},"end":{"line":544,"column":null}},{"start":{},"end":{}}],"line":535},"58":{"loc":{"start":{"line":537,"column":13},"end":{"line":537,"column":null}},"type":"cond-expr","locations":[{"start":{"line":537,"column":29},"end":{"line":537,"column":47}},{"start":{"line":537,"column":47},"end":{"line":537,"column":null}}],"line":537},"59":{"loc":{"start":{"line":538,"column":15},"end":{"line":540,"column":58}},"type":"cond-expr","locations":[{"start":{"line":539,"column":10},"end":{"line":539,"column":57}},{"start":{"line":540,"column":10},"end":{"line":540,"column":58}}],"line":538},"60":{"loc":{"start":{"line":547,"column":11},"end":{"line":547,"column":null}},"type":"cond-expr","locations":[{"start":{"line":547,"column":27},"end":{"line":547,"column":44}},{"start":{"line":547,"column":44},"end":{"line":547,"column":null}}],"line":547},"61":{"loc":{"start":{"line":548,"column":13},"end":{"line":550,"column":56}},"type":"cond-expr","locations":[{"start":{"line":549,"column":8},"end":{"line":549,"column":55}},{"start":{"line":550,"column":8},"end":{"line":550,"column":56}}],"line":548},"62":{"loc":{"start":{"line":615,"column":2},"end":{"line":615,"column":27}},"type":"default-arg","locations":[{"start":{"line":615,"column":26},"end":{"line":615,"column":27}}],"line":615},"63":{"loc":{"start":{"line":618,"column":25},"end":{"line":620,"column":null}},"type":"cond-expr","locations":[{"start":{"line":619,"column":6},"end":{"line":619,"column":null}},{"start":{"line":620,"column":6},"end":{"line":620,"column":null}}],"line":618},"64":{"loc":{"start":{"line":622,"column":34},"end":{"line":624,"column":null}},"type":"cond-expr","locations":[{"start":{"line":623,"column":6},"end":{"line":623,"column":null}},{"start":{"line":624,"column":6},"end":{"line":624,"column":null}}],"line":622},"65":{"loc":{"start":{"line":640,"column":2},"end":{"line":640,"column":null}},"type":"if","locations":[{"start":{"line":640,"column":2},"end":{"line":640,"column":null}},{"start":{},"end":{}}],"line":640},"66":{"loc":{"start":{"line":641,"column":2},"end":{"line":641,"column":null}},"type":"if","locations":[{"start":{"line":641,"column":2},"end":{"line":641,"column":null}},{"start":{},"end":{}}],"line":641},"67":{"loc":{"start":{"line":642,"column":2},"end":{"line":642,"column":null}},"type":"if","locations":[{"start":{"line":642,"column":2},"end":{"line":642,"column":null}},{"start":{},"end":{}}],"line":642},"68":{"loc":{"start":{"line":643,"column":2},"end":{"line":643,"column":null}},"type":"if","locations":[{"start":{"line":643,"column":2},"end":{"line":643,"column":null}},{"start":{},"end":{}}],"line":643},"69":{"loc":{"start":{"line":656,"column":2},"end":{"line":693,"column":null}},"type":"switch","locations":[{"start":{"line":657,"column":4},"end":{"line":663,"column":null}},{"start":{"line":664,"column":4},"end":{"line":670,"column":null}},{"start":{"line":671,"column":4},"end":{"line":677,"column":null}},{"start":{"line":678,"column":4},"end":{"line":684,"column":null}},{"start":{"line":685,"column":4},"end":{"line":685,"column":null}},{"start":{"line":686,"column":4},"end":{"line":692,"column":null}}],"line":656},"70":{"loc":{"start":{"line":702,"column":2},"end":{"line":702,"column":26}},"type":"default-arg","locations":[{"start":{"line":702,"column":22},"end":{"line":702,"column":26}}],"line":702},"71":{"loc":{"start":{"line":704,"column":9},"end":{"line":704,"column":95}},"type":"cond-expr","locations":[{"start":{"line":704,"column":25},"end":{"line":704,"column":60}},{"start":{"line":704,"column":63},"end":{"line":704,"column":95}}],"line":704},"72":{"loc":{"start":{"line":713,"column":2},"end":{"line":713,"column":26}},"type":"default-arg","locations":[{"start":{"line":713,"column":22},"end":{"line":713,"column":26}}],"line":713},"73":{"loc":{"start":{"line":715,"column":2},"end":{"line":717,"column":null}},"type":"if","locations":[{"start":{"line":715,"column":2},"end":{"line":717,"column":null}},{"start":{},"end":{}}],"line":715},"74":{"loc":{"start":{"line":733,"column":2},"end":{"line":733,"column":null}},"type":"if","locations":[{"start":{"line":733,"column":2},"end":{"line":733,"column":null}},{"start":{},"end":{}}],"line":733},"75":{"loc":{"start":{"line":734,"column":2},"end":{"line":734,"column":null}},"type":"if","locations":[{"start":{"line":734,"column":2},"end":{"line":734,"column":null}},{"start":{},"end":{}}],"line":734}},"s":{"0":1,"1":1,"2":1,"3":1,"4":1,"5":39,"6":39,"7":44,"8":22,"9":22,"10":34,"11":22,"12":8,"13":2,"14":2,"15":2,"16":1,"17":1,"18":6,"19":2,"20":2,"21":4,"22":19,"23":19,"24":32,"25":23,"26":1,"27":1,"28":146,"29":12,"30":134,"31":36,"32":98,"33":49,"34":49,"35":17,"36":119,"37":12,"38":7,"39":6,"40":2,"41":4,"42":1,"43":3,"44":1,"45":2,"46":2,"47":0,"48":5,"49":3,"50":2,"51":1,"52":1,"53":1,"54":0,"55":11,"56":2,"57":2,"58":1,"59":1,"60":2,"61":1,"62":2,"63":0,"64":7,"65":7,"66":6,"67":4,"68":1,"69":3,"70":3,"71":3,"72":3,"73":1,"74":2,"75":1,"76":1,"77":0,"78":1,"79":4,"80":2,"81":2,"82":2,"83":2,"84":1,"85":1,"86":1,"87":0,"88":0,"89":0,"90":0,"91":0,"92":1,"93":1,"94":1,"95":13,"96":13,"97":13,"98":13,"99":13,"100":5,"101":1,"102":4,"103":1,"104":3,"105":1,"106":2,"107":2,"108":1,"109":5,"110":1,"111":1,"112":1,"113":1,"114":1,"115":6,"116":4,"117":2,"118":2,"119":2,"120":3,"121":1,"122":2,"123":2,"124":1},"f":{"0":39,"1":44,"2":22,"3":34,"4":8,"5":19,"6":32,"7":23,"8":146,"9":17,"10":119,"11":12,"12":7,"13":6,"14":5,"15":11,"16":7,"17":6,"18":4,"19":4,"20":13,"21":5,"22":5,"23":6,"24":4,"25":3},"b":{"0":[39,0],"1":[22,0],"2":[22,0],"3":[2,6],"4":[1,1],"5":[2,4],"6":[1,1],"7":[1,1],"8":[19,0],"9":[12,134],"10":[146,136],"11":[36,98],"12":[36,9],"13":[49,49],"14":[6],"15":[2,4],"16":[1,3],"17":[4,3],"18":[0,1],"19":[1,2],"20":[3,2,2],"21":[0,1],"22":[2,0],"23":[2,2],"24":[1,1],"25":[5],"26":[3,2],"27":[5,3],"28":[1,2],"29":[1,1],"30":[2,1,1],"31":[0,1],"32":[1,0],"33":[1,1],"34":[0,1],"35":[2,2,1,1,2,1,2,0],"36":[7,2],"37":[1,3],"38":[1,2],"39":[1,1],"40":[2,2],"41":[0,1],"42":[4],"43":[2,2],"44":[1,1],"45":[1,1],"46":[1,1],"47":[0,1],"48":[0,1],"49":[1,0],"50":[1,0,0],"51":[0,1],"52":[0,1],"53":[0,0],"54":[0,0],"55":[0,0],"56":[0,0],"57":[0,0],"58":[0,0],"59":[0,0],"60":[0,0],"61":[0,0],"62":[13],"63":[12,1],"64":[12,1],"65":[1,4],"66":[1,3],"67":[1,2],"68":[1,1],"69":[1,1,1,1,1,1],"70":[6],"71":[3,3],"72":[4],"73":[2,2],"74":[1,2],"75":[1,1]},"meta":{"lastBranch":76,"lastFunction":26,"lastStatement":125,"seen":{"s:29:67:37:Infinity":0,"s:49:79:72:Infinity":1,"s:75:86:83:Infinity":2,"s:86:92:94:Infinity":3,"s:97:89:105:Infinity":4,"f:110:16:110:Infinity":0,"s:114:16:114:50":5,"b:114:16:114:44:114:48:114:50":0,"s:115:2:115:Infinity":6,"f:115:20:115:28":1,"s:115:28:115:Infinity":7,"f:121:16:121:Infinity":2,"s:126:16:126:50":8,"b:126:16:126:44:126:48:126:50":1,"s:127:23:127:Infinity":9,"f:127:34:127:42":3,"s:127:42:127:Infinity":10,"s:128:2:128:Infinity":11,"b:128:9:128:47:128:47:128:Infinity":2,"f:134:16:134:Infinity":4,"b:144:2:162:Infinity:undefined:undefined:undefined:undefined":3,"s:144:2:162:Infinity":12,"s:146:22:146:Infinity":13,"s:147:20:147:Infinity":14,"b:149:4:155:Infinity:undefined:undefined:undefined:undefined":4,"s:149:4:155:Infinity":15,"s:150:6:154:Infinity":16,"s:157:4:161:Infinity":17,"b:165:2:172:Infinity:undefined:undefined:undefined:undefined":5,"s:165:2:172:Infinity":18,"s:166:25:166:Infinity":19,"b:166:42:166:52:166:52:166:Infinity":6,"s:167:4:171:Infinity":20,"b:170:71:170:90:170:90:170:96":7,"s:174:2:174:Infinity":21,"f:180:16:180:Infinity":5,"s:184:16:184:53":22,"b:184:16:184:47:184:51:184:53":8,"s:185:2:187:Infinity":23,"f:186:12:186:20":6,"s:186:20:186:Infinity":24,"f:187:9:187:17":7,"s:187:17:187:24":25,"s:205:72:213:Infinity":26,"s:218:83:226:Infinity":27,"f:234:16:234:Infinity":8,"b:240:2:242:Infinity:undefined:undefined:undefined:undefined":9,"s:240:2:242:Infinity":28,"b:240:6:240:29:240:29:240:53":10,"s:241:4:241:Infinity":29,"b:245:2:247:Infinity:undefined:undefined:undefined:undefined":11,"s:245:2:247:Infinity":30,"s:246:4:246:Infinity":31,"b:246:11:246:29:246:29:246:Infinity":12,"b:250:2:252:Infinity:undefined:undefined:undefined:undefined":13,"s:250:2:252:Infinity":32,"s:251:4:251:Infinity":33,"s:255:2:255:Infinity":34,"f:261:16:261:Infinity":9,"s:265:2:266:Infinity":35,"f:265:45:265:Infinity":10,"s:266:4:266:Infinity":36,"f:273:16:273:Infinity":11,"s:277:2:277:Infinity":37,"f:283:16:283:Infinity":12,"s:287:2:287:Infinity":38,"f:293:16:293:Infinity":13,"b:297:22:297:26":14,"b:300:2:302:Infinity:undefined:undefined:undefined:undefined":15,"s:300:2:302:Infinity":39,"s:301:4:301:Infinity":40,"b:304:2:308:Infinity:undefined:undefined:undefined:undefined":16,"s:304:2:308:Infinity":41,"b:304:6:304:29:304:29:304:53":17,"s:305:4:307:Infinity":42,"b:306:8:306:Infinity:307:8:307:Infinity":18,"b:310:2:314:Infinity:undefined:undefined:undefined:undefined":19,"s:310:2:314:Infinity":43,"b:310:6:310:31:310:31:310:55:310:55:310:79":20,"s:311:4:313:Infinity":44,"b:312:8:312:Infinity:313:8:313:Infinity":21,"b:316:2:320:Infinity:undefined:undefined:undefined:undefined":22,"s:316:2:320:Infinity":45,"b:316:6:316:32:316:32:316:48":23,"s:317:4:319:Infinity":46,"b:318:8:318:Infinity:319:8:319:Infinity":24,"s:322:2:322:Infinity":47,"f:328:16:328:Infinity":14,"b:331:22:331:26":25,"b:333:2:337:Infinity:undefined:undefined:undefined:undefined":26,"s:333:2:337:Infinity":48,"b:333:6:333:29:333:29:333:53":27,"s:334:4:336:Infinity":49,"b:335:8:335:Infinity:336:8:336:Infinity":28,"b:339:2:343:Infinity:undefined:undefined:undefined:undefined":29,"s:339:2:343:Infinity":50,"b:339:6:339:31:339:31:339:55:339:55:339:79":30,"s:340:4:342:Infinity":51,"b:341:8:341:Infinity:342:8:342:Infinity":31,"b:345:2:349:Infinity:undefined:undefined:undefined:undefined":32,"s:345:2:349:Infinity":52,"b:345:6:345:24:345:24:345:48":33,"s:346:4:348:Infinity":53,"b:347:8:347:Infinity:348:8:348:Infinity":34,"s:351:2:351:Infinity":54,"f:357:16:357:42":15,"b:362:4:363:Infinity:364:4:365:Infinity:366:4:367:Infinity:368:4:369:Infinity:370:4:371:Infinity:372:4:373:Infinity:374:4:375:Infinity:376:4:377:Infinity":35,"s:361:2:378:Infinity":55,"s:363:6:363:Infinity":56,"s:365:6:365:Infinity":57,"s:367:6:367:Infinity":58,"s:369:6:369:Infinity":59,"s:371:6:371:Infinity":60,"s:373:6:373:Infinity":61,"s:375:6:375:Infinity":62,"s:377:6:377:Infinity":63,"f:384:16:384:Infinity":16,"s:388:20:388:Infinity":64,"s:390:2:390:Infinity":65,"b:390:9:390:51:390:51:390:Infinity":36,"f:390:24:390:29":17,"s:390:29:390:51":66,"f:409:16:409:Infinity":18,"b:413:2:422:Infinity:undefined:undefined:undefined:undefined":37,"s:413:2:422:Infinity":67,"s:414:4:421:Infinity":68,"s:424:24:424:Infinity":69,"s:426:8:426:Infinity":70,"s:427:8:427:Infinity":71,"b:430:2:439:Infinity:undefined:undefined:undefined:undefined":38,"s:430:2:439:Infinity":72,"s:431:4:438:Infinity":73,"b:441:2:450:Infinity:undefined:undefined:undefined:undefined":39,"s:441:2:450:Infinity":74,"b:441:6:441:38:441:38:441:68":40,"s:442:4:449:Infinity":75,"b:453:2:462:Infinity:undefined:undefined:undefined:undefined":41,"s:453:2:462:Infinity":76,"s:454:4:461:Infinity":77,"s:465:2:472:Infinity":78,"f:478:16:478:Infinity":19,"b:480:22:480:26":42,"b:487:2:496:Infinity:undefined:undefined:undefined:undefined":43,"s:487:2:496:Infinity":79,"s:488:4:495:Infinity":80,"b:489:29:489:46:489:46:489:Infinity":44,"b:491:10:491:Infinity:492:10:492:Infinity":45,"s:498:38:498:Infinity":81,"s:499:8:499:Infinity":82,"b:501:2:510:Infinity:undefined:undefined:undefined:undefined":46,"s:501:2:510:Infinity":83,"s:502:4:509:Infinity":84,"b:503:29:503:50:503:50:503:Infinity":47,"b:505:10:505:68:506:10:506:67":48,"b:512:2:521:Infinity:undefined:undefined:undefined:undefined":49,"s:512:2:521:Infinity":85,"b:512:6:512:29:512:29:512:52:512:52:512:71":50,"s:513:4:520:Infinity":86,"b:514:29:514:54:514:54:514:Infinity":51,"b:516:10:516:Infinity:517:10:517:Infinity":52,"b:524:2:533:Infinity:undefined:undefined:undefined:undefined":53,"s:524:2:533:Infinity":87,"b:524:6:524:30:524:30:524:51":54,"s:525:4:532:Infinity":88,"b:526:29:526:41:526:41:526:Infinity":55,"b:528:10:528:67:529:10:529:64":56,"b:535:2:544:Infinity:undefined:undefined:undefined:undefined":57,"s:535:2:544:Infinity":89,"s:536:4:543:Infinity":90,"b:537:29:537:47:537:47:537:Infinity":58,"b:539:10:539:57:540:10:540:58":59,"s:546:2:553:Infinity":91,"b:547:27:547:44:547:44:547:Infinity":60,"b:549:8:549:55:550:8:550:56":61,"s:579:80:585:Infinity":92,"s:590:83:596:Infinity":93,"s:601:89:607:Infinity":94,"f:612:16:612:Infinity":20,"b:615:26:615:27":62,"s:617:26:617:Infinity":95,"s:618:25:620:Infinity":96,"b:619:6:619:Infinity:620:6:620:Infinity":63,"s:621:25:621:Infinity":97,"s:622:34:624:Infinity":98,"b:623:6:623:Infinity:624:6:624:Infinity":64,"s:626:2:633:Infinity":99,"f:639:16:639:42":21,"b:640:2:640:Infinity:undefined:undefined:undefined:undefined":65,"s:640:2:640:Infinity":100,"s:640:27:640:Infinity":101,"b:641:2:641:Infinity:undefined:undefined:undefined:undefined":66,"s:641:2:641:Infinity":102,"s:641:37:641:Infinity":103,"b:642:2:642:Infinity:undefined:undefined:undefined:undefined":67,"s:642:2:642:Infinity":104,"s:642:37:642:Infinity":105,"b:643:2:643:Infinity:undefined:undefined:undefined:undefined":68,"s:643:2:643:Infinity":106,"s:643:35:643:Infinity":107,"s:644:2:644:Infinity":108,"f:650:16:650:39":22,"b:657:4:663:Infinity:664:4:670:Infinity:671:4:677:Infinity:678:4:684:Infinity:685:4:685:Infinity:686:4:692:Infinity":69,"s:656:2:693:Infinity":109,"s:658:6:663:Infinity":110,"s:665:6:670:Infinity":111,"s:672:6:677:Infinity":112,"s:679:6:684:Infinity":113,"s:687:6:692:Infinity":114,"f:700:16:700:Infinity":23,"b:702:22:702:26":70,"s:704:2:704:Infinity":115,"b:704:25:704:60:704:63:704:95":71,"f:711:16:711:Infinity":24,"b:713:22:713:26":72,"b:715:2:717:Infinity:undefined:undefined:undefined:undefined":73,"s:715:2:717:Infinity":116,"s:716:4:716:Infinity":117,"s:719:65:725:Infinity":118,"s:726:2:726:Infinity":119,"f:732:16:732:38":25,"b:733:2:733:Infinity:undefined:undefined:undefined:undefined":74,"s:733:2:733:Infinity":120,"s:733:27:733:Infinity":121,"b:734:2:734:Infinity:undefined:undefined:undefined:undefined":75,"s:734:2:734:Infinity":122,"s:734:34:734:Infinity":123,"s:735:2:735:Infinity":124}}}
}
